#! /usr/bin/vvp
:ivl_version "12.0 (stable)" "(v12_0-dirty)";
:ivl_delay_selection "TYPICAL";
:vpi_time_precision - 12;
:vpi_module "/usr/lib/ivl/system.vpi";
:vpi_module "/usr/lib/ivl/vhdl_sys.vpi";
:vpi_module "/usr/lib/ivl/vhdl_textio.vpi";
:vpi_module "/usr/lib/ivl/v2005_math.vpi";
:vpi_module "/usr/lib/ivl/va_math.vpi";
S_0x63a57fbf8520 .scope module, "controller_bos" "controller_bos" 2 4;
 .timescale -9 -12;
    .port_info 0 /INPUT 136 "RECEIVED";
    .port_info 1 /INPUT 1 "CLK";
    .port_info 2 /INPUT 1 "RESET";
    .port_info 3 /INPUT 1 "DONE_DD";
    .port_info 4 /INPUT 1 "DONE_XOR";
    .port_info 5 /INPUT 128 "PUF_OUT_XOR";
    .port_info 6 /INPUT 128 "PUF_OUT_DD";
    .port_info 7 /OUTPUT 8 "CODE_OUT";
    .port_info 8 /OUTPUT 136 "TO_SEND";
    .port_info 9 /OUTPUT 16 "CNT_VAL";
P_0x63a57fc244b0 .param/l "IDLE_STATE" 1 2 21, C4<00001>;
P_0x63a57fc244f0 .param/l "READ_DD" 1 2 26, C4<00110>;
P_0x63a57fc24530 .param/l "READ_XOR" 1 2 27, C4<00111>;
P_0x63a57fc24570 .param/l "RESET_STATE" 1 2 20, C4<00000>;
P_0x63a57fc245b0 .param/l "STIMULI_DD_1" 1 2 22, C4<00010>;
P_0x63a57fc245f0 .param/l "STIMULI_DD_2" 1 2 23, C4<00011>;
P_0x63a57fc24630 .param/l "STIMULI_XOR_1" 1 2 24, C4<00100>;
P_0x63a57fc24670 .param/l "STIMULI_XOR_2" 1 2 25, C4<00101>;
o0x78349c295018 .functor BUFZ 1, C4<z>; HiZ drive
v0x63a57fc1fe70_0 .net "CLK", 0 0, o0x78349c295018;  0 drivers
v0x63a57fc57b40_0 .net "CNT_READED", 7 0, L_0x63a57fc58a30;  1 drivers
v0x63a57fc57c20_0 .var "CNT_VAL", 15 0;
v0x63a57fc57ce0_0 .net "CODE", 7 0, L_0x63a57fc588f0;  1 drivers
v0x63a57fc57dc0_0 .var "CODE_OUT", 7 0;
o0x78349c295108 .functor BUFZ 1, C4<z>; HiZ drive
v0x63a57fc57ef0_0 .net "DONE_DD", 0 0, o0x78349c295108;  0 drivers
o0x78349c295138 .functor BUFZ 1, C4<z>; HiZ drive
v0x63a57fc57fb0_0 .net "DONE_XOR", 0 0, o0x78349c295138;  0 drivers
v0x63a57fc58070_0 .var "NES", 4 0;
v0x63a57fc58150_0 .var "PRS", 4 0;
o0x78349c2951c8 .functor BUFZ 128, C4<zzzzzzzzzzzzzzzzzzzzzzzzzzzzzzzzzzzzzzzzzzzzzzzzzzzzzzzzzzzzzzzzzzzzzzzzzzzzzzzzzzzzzzzzzzzzzzzzzzzzzzzzzzzzzzzzzzzzzzzzzzzzzzzz>; HiZ drive
v0x63a57fc58230_0 .net "PUF_OUT_DD", 127 0, o0x78349c2951c8;  0 drivers
o0x78349c2951f8 .functor BUFZ 128, C4<zzzzzzzzzzzzzzzzzzzzzzzzzzzzzzzzzzzzzzzzzzzzzzzzzzzzzzzzzzzzzzzzzzzzzzzzzzzzzzzzzzzzzzzzzzzzzzzzzzzzzzzzzzzzzzzzzzzzzzzzzzzzzzzz>; HiZ drive
v0x63a57fc58310_0 .net "PUF_OUT_XOR", 127 0, o0x78349c2951f8;  0 drivers
o0x78349c295228 .functor BUFZ 136, C4<zzzzzzzzzzzzzzzzzzzzzzzzzzzzzzzzzzzzzzzzzzzzzzzzzzzzzzzzzzzzzzzzzzzzzzzzzzzzzzzzzzzzzzzzzzzzzzzzzzzzzzzzzzzzzzzzzzzzzzzzzzzzzzzzzzzzzzzz>; HiZ drive
v0x63a57fc583f0_0 .net "RECEIVED", 135 0, o0x78349c295228;  0 drivers
o0x78349c295258 .functor BUFZ 1, C4<z>; HiZ drive
v0x63a57fc584d0_0 .net "RESET", 0 0, o0x78349c295258;  0 drivers
v0x63a57fc58590_0 .var "TO_SEND", 135 0;
v0x63a57fc58670_0 .net *"_ivl_3", 15 0, L_0x63a57fc58990;  1 drivers
E_0x63a57fbf8950 .event posedge, v0x63a57fc1fe70_0;
E_0x63a57fbf8e90/0 .event anyedge, v0x63a57fc584d0_0, v0x63a57fc58150_0, v0x63a57fc57ce0_0, v0x63a57fc57ef0_0;
E_0x63a57fbf8e90/1 .event anyedge, v0x63a57fc57dc0_0, v0x63a57fc57fb0_0;
E_0x63a57fbf8e90 .event/or E_0x63a57fbf8e90/0, E_0x63a57fbf8e90/1;
L_0x63a57fc588f0 .part o0x78349c295228, 128, 8;
L_0x63a57fc58990 .part o0x78349c295228, 0, 16;
L_0x63a57fc58a30 .part L_0x63a57fc58990, 0, 8;
    .scope S_0x63a57fbf8520;
T_0 ;
    %wait E_0x63a57fbf8950;
    %load/vec4 v0x63a57fc584d0_0;
    %pad/u 32;
    %cmpi/e 0, 0, 32;
    %jmp/0xz  T_0.0, 4;
    %pushi/vec4 0, 0, 5;
    %assign/vec4 v0x63a57fc58150_0, 0;
    %jmp T_0.1;
T_0.0 ;
    %load/vec4 v0x63a57fc58070_0;
    %assign/vec4 v0x63a57fc58150_0, 0;
T_0.1 ;
    %jmp T_0;
    .thread T_0;
    .scope S_0x63a57fbf8520;
T_1 ;
    %wait E_0x63a57fbf8e90;
    %load/vec4 v0x63a57fc584d0_0;
    %pad/u 32;
    %cmpi/e 0, 0, 32;
    %jmp/0xz  T_1.0, 4;
    %pushi/vec4 0, 0, 5;
    %assign/vec4 v0x63a57fc58070_0, 0;
    %jmp T_1.1;
T_1.0 ;
    %load/vec4 v0x63a57fc58150_0;
    %dup/vec4;
    %pushi/vec4 0, 0, 5;
    %cmp/u;
    %jmp/1 T_1.2, 6;
    %dup/vec4;
    %pushi/vec4 1, 0, 5;
    %cmp/u;
    %jmp/1 T_1.3, 6;
    %dup/vec4;
    %pushi/vec4 2, 0, 5;
    %cmp/u;
    %jmp/1 T_1.4, 6;
    %dup/vec4;
    %pushi/vec4 3, 0, 5;
    %cmp/u;
    %jmp/1 T_1.5, 6;
    %dup/vec4;
    %pushi/vec4 4, 0, 5;
    %cmp/u;
    %jmp/1 T_1.6, 6;
    %dup/vec4;
    %pushi/vec4 5, 0, 5;
    %cmp/u;
    %jmp/1 T_1.7, 6;
    %dup/vec4;
    %pushi/vec4 6, 0, 5;
    %cmp/u;
    %jmp/1 T_1.8, 6;
    %dup/vec4;
    %pushi/vec4 7, 0, 5;
    %cmp/u;
    %jmp/1 T_1.9, 6;
    %pushi/vec4 0, 0, 5;
    %assign/vec4 v0x63a57fc58070_0, 0;
    %jmp T_1.11;
T_1.2 ;
    %pushi/vec4 1, 0, 5;
    %assign/vec4 v0x63a57fc58070_0, 0;
    %jmp T_1.11;
T_1.3 ;
    %load/vec4 v0x63a57fc57ce0_0;
    %dup/vec4;
    %pushi/vec4 1, 0, 8;
    %cmp/u;
    %jmp/1 T_1.12, 6;
    %dup/vec4;
    %pushi/vec4 2, 0, 8;
    %cmp/u;
    %jmp/1 T_1.13, 6;
    %dup/vec4;
    %pushi/vec4 3, 0, 8;
    %cmp/u;
    %jmp/1 T_1.14, 6;
    %dup/vec4;
    %pushi/vec4 4, 0, 8;
    %cmp/u;
    %jmp/1 T_1.15, 6;
    %pushi/vec4 1, 0, 5;
    %assign/vec4 v0x63a57fc58070_0, 0;
    %jmp T_1.17;
T_1.12 ;
    %pushi/vec4 2, 0, 5;
    %assign/vec4 v0x63a57fc58070_0, 0;
    %jmp T_1.17;
T_1.13 ;
    %pushi/vec4 4, 0, 5;
    %assign/vec4 v0x63a57fc58070_0, 0;
    %jmp T_1.17;
T_1.14 ;
    %pushi/vec4 6, 0, 5;
    %assign/vec4 v0x63a57fc58070_0, 0;
    %jmp T_1.17;
T_1.15 ;
    %pushi/vec4 7, 0, 5;
    %assign/vec4 v0x63a57fc58070_0, 0;
    %jmp T_1.17;
T_1.17 ;
    %pop/vec4 1;
    %jmp T_1.11;
T_1.4 ;
    %load/vec4 v0x63a57fc57ef0_0;
    %pad/u 32;
    %cmpi/e 1, 0, 32;
    %jmp/0xz  T_1.18, 4;
    %pushi/vec4 3, 0, 5;
    %assign/vec4 v0x63a57fc58070_0, 0;
    %jmp T_1.19;
T_1.18 ;
    %pushi/vec4 2, 0, 5;
    %assign/vec4 v0x63a57fc58070_0, 0;
T_1.19 ;
    %jmp T_1.11;
T_1.5 ;
    %load/vec4 v0x63a57fc57dc0_0;
    %load/vec4 v0x63a57fc57ce0_0;
    %cmp/ne;
    %jmp/0xz  T_1.20, 4;
    %pushi/vec4 1, 0, 5;
    %assign/vec4 v0x63a57fc58070_0, 0;
    %jmp T_1.21;
T_1.20 ;
    %pushi/vec4 3, 0, 5;
    %assign/vec4 v0x63a57fc58070_0, 0;
T_1.21 ;
    %jmp T_1.11;
T_1.6 ;
    %load/vec4 v0x63a57fc57fb0_0;
    %pad/u 32;
    %cmpi/e 1, 0, 32;
    %jmp/0xz  T_1.22, 4;
    %pushi/vec4 5, 0, 5;
    %assign/vec4 v0x63a57fc58070_0, 0;
    %jmp T_1.23;
T_1.22 ;
    %pushi/vec4 4, 0, 5;
    %assign/vec4 v0x63a57fc58070_0, 0;
T_1.23 ;
    %jmp T_1.11;
T_1.7 ;
    %load/vec4 v0x63a57fc57dc0_0;
    %load/vec4 v0x63a57fc57ce0_0;
    %cmp/ne;
    %jmp/0xz  T_1.24, 4;
    %pushi/vec4 1, 0, 5;
    %assign/vec4 v0x63a57fc58070_0, 0;
    %jmp T_1.25;
T_1.24 ;
    %pushi/vec4 5, 0, 5;
    %assign/vec4 v0x63a57fc58070_0, 0;
T_1.25 ;
    %jmp T_1.11;
T_1.8 ;
    %pushi/vec4 1, 0, 5;
    %assign/vec4 v0x63a57fc58070_0, 0;
    %jmp T_1.11;
T_1.9 ;
    %pushi/vec4 1, 0, 5;
    %assign/vec4 v0x63a57fc58070_0, 0;
    %jmp T_1.11;
T_1.11 ;
    %pop/vec4 1;
T_1.1 ;
    %jmp T_1;
    .thread T_1, $push;
    .scope S_0x63a57fbf8520;
T_2 ;
    %wait E_0x63a57fbf8950;
    %load/vec4 v0x63a57fc584d0_0;
    %pad/u 32;
    %cmpi/e 0, 0, 32;
    %jmp/0xz  T_2.0, 4;
    %pushi/vec4 0, 0, 8;
    %assign/vec4 v0x63a57fc57dc0_0, 0;
    %pushi/vec4 1, 0, 16;
    %assign/vec4 v0x63a57fc57c20_0, 0;
    %pushi/vec4 0, 0, 136;
    %assign/vec4 v0x63a57fc58590_0, 0;
    %jmp T_2.1;
T_2.0 ;
    %load/vec4 v0x63a57fc58150_0;
    %dup/vec4;
    %pushi/vec4 0, 0, 5;
    %cmp/u;
    %jmp/1 T_2.2, 6;
    %dup/vec4;
    %pushi/vec4 1, 0, 5;
    %cmp/u;
    %jmp/1 T_2.3, 6;
    %dup/vec4;
    %pushi/vec4 2, 0, 5;
    %cmp/u;
    %jmp/1 T_2.4, 6;
    %dup/vec4;
    %pushi/vec4 3, 0, 5;
    %cmp/u;
    %jmp/1 T_2.5, 6;
    %dup/vec4;
    %pushi/vec4 4, 0, 5;
    %cmp/u;
    %jmp/1 T_2.6, 6;
    %dup/vec4;
    %pushi/vec4 5, 0, 5;
    %cmp/u;
    %jmp/1 T_2.7, 6;
    %dup/vec4;
    %pushi/vec4 6, 0, 5;
    %cmp/u;
    %jmp/1 T_2.8, 6;
    %dup/vec4;
    %pushi/vec4 7, 0, 5;
    %cmp/u;
    %jmp/1 T_2.9, 6;
    %pushi/vec4 0, 0, 8;
    %assign/vec4 v0x63a57fc57dc0_0, 0;
    %pushi/vec4 1, 0, 16;
    %assign/vec4 v0x63a57fc57c20_0, 0;
    %pushi/vec4 0, 0, 136;
    %assign/vec4 v0x63a57fc58590_0, 0;
    %jmp T_2.11;
T_2.2 ;
    %pushi/vec4 0, 0, 8;
    %assign/vec4 v0x63a57fc57dc0_0, 0;
    %pushi/vec4 1, 0, 16;
    %assign/vec4 v0x63a57fc57c20_0, 0;
    %pushi/vec4 0, 0, 136;
    %assign/vec4 v0x63a57fc58590_0, 0;
    %jmp T_2.11;
T_2.3 ;
    %pushi/vec4 0, 0, 8;
    %assign/vec4 v0x63a57fc57dc0_0, 0;
    %pushi/vec4 1, 0, 16;
    %assign/vec4 v0x63a57fc57c20_0, 0;
    %load/vec4 v0x63a57fc58590_0;
    %assign/vec4 v0x63a57fc58590_0, 0;
    %jmp T_2.11;
T_2.4 ;
    %load/vec4 v0x63a57fc57ce0_0;
    %assign/vec4 v0x63a57fc57dc0_0, 0;
    %load/vec4 v0x63a57fc57b40_0;
    %pad/u 16;
    %assign/vec4 v0x63a57fc57c20_0, 0;
    %load/vec4 v0x63a57fc57ce0_0;
    %concati/vec4 0, 0, 128;
    %assign/vec4 v0x63a57fc58590_0, 0;
    %jmp T_2.11;
T_2.5 ;
    %pushi/vec4 0, 0, 8;
    %assign/vec4 v0x63a57fc57dc0_0, 0;
    %pushi/vec4 1, 0, 16;
    %assign/vec4 v0x63a57fc57c20_0, 0;
    %load/vec4 v0x63a57fc57ce0_0;
    %load/vec4 v0x63a57fc58230_0;
    %concat/vec4; draw_concat_vec4
    %assign/vec4 v0x63a57fc58590_0, 0;
    %jmp T_2.11;
T_2.6 ;
    %load/vec4 v0x63a57fc57ce0_0;
    %assign/vec4 v0x63a57fc57dc0_0, 0;
    %load/vec4 v0x63a57fc57b40_0;
    %pad/u 16;
    %assign/vec4 v0x63a57fc57c20_0, 0;
    %load/vec4 v0x63a57fc57ce0_0;
    %concati/vec4 0, 0, 128;
    %assign/vec4 v0x63a57fc58590_0, 0;
    %jmp T_2.11;
T_2.7 ;
    %pushi/vec4 0, 0, 8;
    %assign/vec4 v0x63a57fc57dc0_0, 0;
    %pushi/vec4 1, 0, 16;
    %assign/vec4 v0x63a57fc57c20_0, 0;
    %load/vec4 v0x63a57fc57ce0_0;
    %load/vec4 v0x63a57fc58310_0;
    %concat/vec4; draw_concat_vec4
    %assign/vec4 v0x63a57fc58590_0, 0;
    %jmp T_2.11;
T_2.8 ;
    %load/vec4 v0x63a57fc57ce0_0;
    %load/vec4 v0x63a57fc58230_0;
    %concat/vec4; draw_concat_vec4
    %assign/vec4 v0x63a57fc58590_0, 0;
    %jmp T_2.11;
T_2.9 ;
    %load/vec4 v0x63a57fc57ce0_0;
    %load/vec4 v0x63a57fc58310_0;
    %concat/vec4; draw_concat_vec4
    %assign/vec4 v0x63a57fc58590_0, 0;
    %jmp T_2.11;
T_2.11 ;
    %pop/vec4 1;
T_2.1 ;
    %jmp T_2;
    .thread T_2;
# The file index is used to find the file name in the following table.
:file_names 3;
    "N/A";
    "<interactive>";
    "controller_bos.v";
