#! /usr/bin/vvp
:ivl_version "12.0 (stable)" "(v12_0-dirty)";
:ivl_delay_selection "TYPICAL";
:vpi_time_precision - 12;
:vpi_module "/usr/lib/ivl/system.vpi";
:vpi_module "/usr/lib/ivl/vhdl_sys.vpi";
:vpi_module "/usr/lib/ivl/vhdl_textio.vpi";
:vpi_module "/usr/lib/ivl/v2005_math.vpi";
:vpi_module "/usr/lib/ivl/va_math.vpi";
S_0x5ea402336820 .scope module, "tb_controller_bos" "tb_controller_bos" 2 4;
 .timescale -9 -12;
P_0x5ea40234f530 .param/l "period" 0 2 7, +C4<00000000000000000000000000001010>;
v0x5ea402374a70_0 .var "CLK", 0 0;
v0x5ea402374b30_0 .net "CNT_VAL", 15 0, v0x5ea402373da0_0;  1 drivers
v0x5ea402374bd0_0 .net "CODE_OUT", 7 0, v0x5ea402373f40_0;  1 drivers
v0x5ea402374ca0_0 .var "DONE_DD", 0 0;
v0x5ea402374d70_0 .var "DONE_XOR", 0 0;
v0x5ea402374e10_0 .var "PUF_OUT_DD", 127 0;
v0x5ea402374ee0_0 .var "PUF_OUT_XOR", 127 0;
v0x5ea402374fb0_0 .var "RECEIVED", 135 0;
v0x5ea402375080_0 .var "RESET", 0 0;
v0x5ea402375150_0 .net "TO_SEND", 135 0, v0x5ea402374710_0;  1 drivers
S_0x5ea40234f5d0 .scope module, "uut" "controller_bos" 2 18, 3 4 0, S_0x5ea402336820;
 .timescale -9 -12;
    .port_info 0 /INPUT 136 "RECEIVED";
    .port_info 1 /INPUT 1 "CLK";
    .port_info 2 /INPUT 1 "RESET";
    .port_info 3 /INPUT 1 "DONE_DD";
    .port_info 4 /INPUT 1 "DONE_XOR";
    .port_info 5 /INPUT 128 "PUF_OUT_XOR";
    .port_info 6 /INPUT 128 "PUF_OUT_DD";
    .port_info 7 /OUTPUT 8 "CODE_OUT";
    .port_info 8 /OUTPUT 136 "TO_SEND";
    .port_info 9 /OUTPUT 16 "CNT_VAL";
P_0x5ea4023574e0 .param/l "IDLE_STATE" 1 3 21, C4<00001>;
P_0x5ea402357520 .param/l "READ_DD" 1 3 26, C4<00110>;
P_0x5ea402357560 .param/l "READ_XOR" 1 3 27, C4<00111>;
P_0x5ea4023575a0 .param/l "RESET_STATE" 1 3 20, C4<00000>;
P_0x5ea4023575e0 .param/l "STIMULI_DD_1" 1 3 22, C4<00010>;
P_0x5ea402357620 .param/l "STIMULI_DD_2" 1 3 23, C4<00011>;
P_0x5ea402357660 .param/l "STIMULI_XOR_1" 1 3 24, C4<00100>;
P_0x5ea4023576a0 .param/l "STIMULI_XOR_2" 1 3 25, C4<00101>;
v0x5ea40232f590_0 .net "CLK", 0 0, v0x5ea402374a70_0;  1 drivers
v0x5ea402373cc0_0 .net "CNT_READED", 7 0, L_0x5ea402375390;  1 drivers
v0x5ea402373da0_0 .var "CNT_VAL", 15 0;
v0x5ea402373e60_0 .net "CODE", 7 0, L_0x5ea402375220;  1 drivers
v0x5ea402373f40_0 .var "CODE_OUT", 7 0;
v0x5ea402374070_0 .net "DONE_DD", 0 0, v0x5ea402374ca0_0;  1 drivers
v0x5ea402374130_0 .net "DONE_XOR", 0 0, v0x5ea402374d70_0;  1 drivers
v0x5ea4023741f0_0 .var "NES", 4 0;
v0x5ea4023742d0_0 .var "PRS", 4 0;
v0x5ea4023743b0_0 .net "PUF_OUT_DD", 127 0, v0x5ea402374e10_0;  1 drivers
v0x5ea402374490_0 .net "PUF_OUT_XOR", 127 0, v0x5ea402374ee0_0;  1 drivers
v0x5ea402374570_0 .net "RECEIVED", 135 0, v0x5ea402374fb0_0;  1 drivers
v0x5ea402374650_0 .net "RESET", 0 0, v0x5ea402375080_0;  1 drivers
v0x5ea402374710_0 .var "TO_SEND", 135 0;
v0x5ea4023747f0_0 .net *"_ivl_3", 15 0, L_0x5ea4023752f0;  1 drivers
E_0x5ea402340660 .event posedge, v0x5ea40232f590_0;
E_0x5ea40232a210/0 .event anyedge, v0x5ea402374650_0, v0x5ea4023742d0_0, v0x5ea402373e60_0, v0x5ea402374070_0;
E_0x5ea40232a210/1 .event anyedge, v0x5ea402373f40_0, v0x5ea402374130_0;
E_0x5ea40232a210 .event/or E_0x5ea40232a210/0, E_0x5ea40232a210/1;
L_0x5ea402375220 .part v0x5ea402374fb0_0, 128, 8;
L_0x5ea4023752f0 .part v0x5ea402374fb0_0, 0, 16;
L_0x5ea402375390 .part L_0x5ea4023752f0, 0, 8;
    .scope S_0x5ea40234f5d0;
T_0 ;
    %wait E_0x5ea402340660;
    %load/vec4 v0x5ea402374650_0;
    %pad/u 32;
    %cmpi/e 0, 0, 32;
    %jmp/0xz  T_0.0, 4;
    %pushi/vec4 0, 0, 5;
    %assign/vec4 v0x5ea4023742d0_0, 0;
    %jmp T_0.1;
T_0.0 ;
    %load/vec4 v0x5ea4023741f0_0;
    %assign/vec4 v0x5ea4023742d0_0, 0;
T_0.1 ;
    %jmp T_0;
    .thread T_0;
    .scope S_0x5ea40234f5d0;
T_1 ;
    %wait E_0x5ea40232a210;
    %load/vec4 v0x5ea402374650_0;
    %pad/u 32;
    %cmpi/e 0, 0, 32;
    %jmp/0xz  T_1.0, 4;
    %pushi/vec4 0, 0, 5;
    %assign/vec4 v0x5ea4023741f0_0, 0;
    %jmp T_1.1;
T_1.0 ;
    %load/vec4 v0x5ea4023742d0_0;
    %dup/vec4;
    %pushi/vec4 0, 0, 5;
    %cmp/u;
    %jmp/1 T_1.2, 6;
    %dup/vec4;
    %pushi/vec4 1, 0, 5;
    %cmp/u;
    %jmp/1 T_1.3, 6;
    %dup/vec4;
    %pushi/vec4 2, 0, 5;
    %cmp/u;
    %jmp/1 T_1.4, 6;
    %dup/vec4;
    %pushi/vec4 3, 0, 5;
    %cmp/u;
    %jmp/1 T_1.5, 6;
    %dup/vec4;
    %pushi/vec4 4, 0, 5;
    %cmp/u;
    %jmp/1 T_1.6, 6;
    %dup/vec4;
    %pushi/vec4 5, 0, 5;
    %cmp/u;
    %jmp/1 T_1.7, 6;
    %dup/vec4;
    %pushi/vec4 6, 0, 5;
    %cmp/u;
    %jmp/1 T_1.8, 6;
    %dup/vec4;
    %pushi/vec4 7, 0, 5;
    %cmp/u;
    %jmp/1 T_1.9, 6;
    %pushi/vec4 0, 0, 5;
    %assign/vec4 v0x5ea4023741f0_0, 0;
    %jmp T_1.11;
T_1.2 ;
    %pushi/vec4 1, 0, 5;
    %assign/vec4 v0x5ea4023741f0_0, 0;
    %jmp T_1.11;
T_1.3 ;
    %load/vec4 v0x5ea402373e60_0;
    %dup/vec4;
    %pushi/vec4 1, 0, 8;
    %cmp/u;
    %jmp/1 T_1.12, 6;
    %dup/vec4;
    %pushi/vec4 2, 0, 8;
    %cmp/u;
    %jmp/1 T_1.13, 6;
    %dup/vec4;
    %pushi/vec4 3, 0, 8;
    %cmp/u;
    %jmp/1 T_1.14, 6;
    %dup/vec4;
    %pushi/vec4 4, 0, 8;
    %cmp/u;
    %jmp/1 T_1.15, 6;
    %pushi/vec4 1, 0, 5;
    %assign/vec4 v0x5ea4023741f0_0, 0;
    %jmp T_1.17;
T_1.12 ;
    %pushi/vec4 2, 0, 5;
    %assign/vec4 v0x5ea4023741f0_0, 0;
    %jmp T_1.17;
T_1.13 ;
    %pushi/vec4 4, 0, 5;
    %assign/vec4 v0x5ea4023741f0_0, 0;
    %jmp T_1.17;
T_1.14 ;
    %pushi/vec4 6, 0, 5;
    %assign/vec4 v0x5ea4023741f0_0, 0;
    %jmp T_1.17;
T_1.15 ;
    %pushi/vec4 7, 0, 5;
    %assign/vec4 v0x5ea4023741f0_0, 0;
    %jmp T_1.17;
T_1.17 ;
    %pop/vec4 1;
    %jmp T_1.11;
T_1.4 ;
    %load/vec4 v0x5ea402374070_0;
    %pad/u 32;
    %cmpi/e 1, 0, 32;
    %jmp/0xz  T_1.18, 4;
    %pushi/vec4 3, 0, 5;
    %assign/vec4 v0x5ea4023741f0_0, 0;
    %jmp T_1.19;
T_1.18 ;
    %pushi/vec4 2, 0, 5;
    %assign/vec4 v0x5ea4023741f0_0, 0;
T_1.19 ;
    %jmp T_1.11;
T_1.5 ;
    %load/vec4 v0x5ea402373f40_0;
    %load/vec4 v0x5ea402373e60_0;
    %cmp/ne;
    %jmp/0xz  T_1.20, 4;
    %pushi/vec4 1, 0, 5;
    %assign/vec4 v0x5ea4023741f0_0, 0;
    %jmp T_1.21;
T_1.20 ;
    %pushi/vec4 3, 0, 5;
    %assign/vec4 v0x5ea4023741f0_0, 0;
T_1.21 ;
    %jmp T_1.11;
T_1.6 ;
    %load/vec4 v0x5ea402374130_0;
    %pad/u 32;
    %cmpi/e 1, 0, 32;
    %jmp/0xz  T_1.22, 4;
    %pushi/vec4 5, 0, 5;
    %assign/vec4 v0x5ea4023741f0_0, 0;
    %jmp T_1.23;
T_1.22 ;
    %pushi/vec4 4, 0, 5;
    %assign/vec4 v0x5ea4023741f0_0, 0;
T_1.23 ;
    %jmp T_1.11;
T_1.7 ;
    %load/vec4 v0x5ea402373f40_0;
    %load/vec4 v0x5ea402373e60_0;
    %cmp/ne;
    %jmp/0xz  T_1.24, 4;
    %pushi/vec4 1, 0, 5;
    %assign/vec4 v0x5ea4023741f0_0, 0;
    %jmp T_1.25;
T_1.24 ;
    %pushi/vec4 5, 0, 5;
    %assign/vec4 v0x5ea4023741f0_0, 0;
T_1.25 ;
    %jmp T_1.11;
T_1.8 ;
    %pushi/vec4 1, 0, 5;
    %assign/vec4 v0x5ea4023741f0_0, 0;
    %jmp T_1.11;
T_1.9 ;
    %pushi/vec4 1, 0, 5;
    %assign/vec4 v0x5ea4023741f0_0, 0;
    %jmp T_1.11;
T_1.11 ;
    %pop/vec4 1;
T_1.1 ;
    %jmp T_1;
    .thread T_1, $push;
    .scope S_0x5ea40234f5d0;
T_2 ;
    %wait E_0x5ea402340660;
    %load/vec4 v0x5ea402374650_0;
    %pad/u 32;
    %cmpi/e 0, 0, 32;
    %jmp/0xz  T_2.0, 4;
    %pushi/vec4 0, 0, 8;
    %assign/vec4 v0x5ea402373f40_0, 0;
    %pushi/vec4 1, 0, 16;
    %assign/vec4 v0x5ea402373da0_0, 0;
    %pushi/vec4 0, 0, 136;
    %assign/vec4 v0x5ea402374710_0, 0;
    %jmp T_2.1;
T_2.0 ;
    %load/vec4 v0x5ea4023742d0_0;
    %dup/vec4;
    %pushi/vec4 0, 0, 5;
    %cmp/u;
    %jmp/1 T_2.2, 6;
    %dup/vec4;
    %pushi/vec4 1, 0, 5;
    %cmp/u;
    %jmp/1 T_2.3, 6;
    %dup/vec4;
    %pushi/vec4 2, 0, 5;
    %cmp/u;
    %jmp/1 T_2.4, 6;
    %dup/vec4;
    %pushi/vec4 3, 0, 5;
    %cmp/u;
    %jmp/1 T_2.5, 6;
    %dup/vec4;
    %pushi/vec4 4, 0, 5;
    %cmp/u;
    %jmp/1 T_2.6, 6;
    %dup/vec4;
    %pushi/vec4 5, 0, 5;
    %cmp/u;
    %jmp/1 T_2.7, 6;
    %dup/vec4;
    %pushi/vec4 6, 0, 5;
    %cmp/u;
    %jmp/1 T_2.8, 6;
    %dup/vec4;
    %pushi/vec4 7, 0, 5;
    %cmp/u;
    %jmp/1 T_2.9, 6;
    %pushi/vec4 0, 0, 8;
    %assign/vec4 v0x5ea402373f40_0, 0;
    %pushi/vec4 1, 0, 16;
    %assign/vec4 v0x5ea402373da0_0, 0;
    %pushi/vec4 0, 0, 136;
    %assign/vec4 v0x5ea402374710_0, 0;
    %jmp T_2.11;
T_2.2 ;
    %pushi/vec4 0, 0, 8;
    %assign/vec4 v0x5ea402373f40_0, 0;
    %pushi/vec4 1, 0, 16;
    %assign/vec4 v0x5ea402373da0_0, 0;
    %pushi/vec4 0, 0, 136;
    %assign/vec4 v0x5ea402374710_0, 0;
    %jmp T_2.11;
T_2.3 ;
    %pushi/vec4 0, 0, 8;
    %assign/vec4 v0x5ea402373f40_0, 0;
    %pushi/vec4 1, 0, 16;
    %assign/vec4 v0x5ea402373da0_0, 0;
    %load/vec4 v0x5ea402374710_0;
    %assign/vec4 v0x5ea402374710_0, 0;
    %jmp T_2.11;
T_2.4 ;
    %load/vec4 v0x5ea402373e60_0;
    %assign/vec4 v0x5ea402373f40_0, 0;
    %load/vec4 v0x5ea402373cc0_0;
    %pad/u 16;
    %assign/vec4 v0x5ea402373da0_0, 0;
    %load/vec4 v0x5ea402373e60_0;
    %concati/vec4 0, 0, 128;
    %assign/vec4 v0x5ea402374710_0, 0;
    %jmp T_2.11;
T_2.5 ;
    %pushi/vec4 0, 0, 8;
    %assign/vec4 v0x5ea402373f40_0, 0;
    %pushi/vec4 1, 0, 16;
    %assign/vec4 v0x5ea402373da0_0, 0;
    %load/vec4 v0x5ea402373e60_0;
    %load/vec4 v0x5ea4023743b0_0;
    %concat/vec4; draw_concat_vec4
    %assign/vec4 v0x5ea402374710_0, 0;
    %jmp T_2.11;
T_2.6 ;
    %load/vec4 v0x5ea402373e60_0;
    %assign/vec4 v0x5ea402373f40_0, 0;
    %load/vec4 v0x5ea402373cc0_0;
    %pad/u 16;
    %assign/vec4 v0x5ea402373da0_0, 0;
    %load/vec4 v0x5ea402373e60_0;
    %concati/vec4 0, 0, 128;
    %assign/vec4 v0x5ea402374710_0, 0;
    %jmp T_2.11;
T_2.7 ;
    %pushi/vec4 0, 0, 8;
    %assign/vec4 v0x5ea402373f40_0, 0;
    %pushi/vec4 1, 0, 16;
    %assign/vec4 v0x5ea402373da0_0, 0;
    %load/vec4 v0x5ea402373e60_0;
    %load/vec4 v0x5ea402374490_0;
    %concat/vec4; draw_concat_vec4
    %assign/vec4 v0x5ea402374710_0, 0;
    %jmp T_2.11;
T_2.8 ;
    %load/vec4 v0x5ea402373e60_0;
    %load/vec4 v0x5ea4023743b0_0;
    %concat/vec4; draw_concat_vec4
    %assign/vec4 v0x5ea402374710_0, 0;
    %jmp T_2.11;
T_2.9 ;
    %load/vec4 v0x5ea402373e60_0;
    %load/vec4 v0x5ea402374490_0;
    %concat/vec4; draw_concat_vec4
    %assign/vec4 v0x5ea402374710_0, 0;
    %jmp T_2.11;
T_2.11 ;
    %pop/vec4 1;
T_2.1 ;
    %jmp T_2;
    .thread T_2;
    .scope S_0x5ea402336820;
T_3 ;
    %delay 5000, 0;
    %load/vec4 v0x5ea402374a70_0;
    %inv;
    %store/vec4 v0x5ea402374a70_0, 0, 1;
    %jmp T_3;
    .thread T_3;
    .scope S_0x5ea402336820;
T_4 ;
    %vpi_call 2 36 "$dumpfile", "waveform.vcd" {0 0 0};
    %vpi_call 2 37 "$dumpvars" {0 0 0};
    %pushi/vec4 0, 0, 1;
    %store/vec4 v0x5ea402374a70_0, 0, 1;
    %pushi/vec4 1, 0, 1;
    %store/vec4 v0x5ea402375080_0, 0, 1;
    %pushi/vec4 0, 0, 1;
    %store/vec4 v0x5ea402374ca0_0, 0, 1;
    %pushi/vec4 0, 0, 1;
    %store/vec4 v0x5ea402374d70_0, 0, 1;
    %pushi/vec4 0, 0, 136;
    %store/vec4 v0x5ea402374fb0_0, 0, 136;
    %pushi/vec4 3735928559, 0, 128;
    %store/vec4 v0x5ea402374ee0_0, 0, 128;
    %pushi/vec4 3405691582, 0, 128;
    %store/vec4 v0x5ea402374e10_0, 0, 128;
    %delay 10000, 0;
    %pushi/vec4 0, 0, 1;
    %store/vec4 v0x5ea402375080_0, 0, 1;
    %delay 10000, 0;
    %pushi/vec4 1, 0, 1;
    %store/vec4 v0x5ea402375080_0, 0, 1;
    %delay 10000, 0;
    %pushi/vec4 0, 0, 8;
    %ix/load 4, 128, 0;
    %flag_set/imm 4, 0;
    %store/vec4 v0x5ea402374fb0_0, 4, 8;
    %delay 10000, 0;
    %pushi/vec4 1, 0, 8;
    %ix/load 4, 128, 0;
    %flag_set/imm 4, 0;
    %store/vec4 v0x5ea402374fb0_0, 4, 8;
    %delay 10000, 0;
    %pushi/vec4 1, 0, 1;
    %store/vec4 v0x5ea402374ca0_0, 0, 1;
    %delay 10000, 0;
    %pushi/vec4 0, 0, 1;
    %store/vec4 v0x5ea402374ca0_0, 0, 1;
    %delay 10000, 0;
    %delay 10000, 0;
    %pushi/vec4 0, 0, 8;
    %ix/load 4, 128, 0;
    %flag_set/imm 4, 0;
    %store/vec4 v0x5ea402374fb0_0, 4, 8;
    %delay 10000, 0;
    %pushi/vec4 2, 0, 8;
    %ix/load 4, 128, 0;
    %flag_set/imm 4, 0;
    %store/vec4 v0x5ea402374fb0_0, 4, 8;
    %delay 10000, 0;
    %pushi/vec4 1, 0, 1;
    %store/vec4 v0x5ea402374d70_0, 0, 1;
    %delay 10000, 0;
    %pushi/vec4 0, 0, 1;
    %store/vec4 v0x5ea402374d70_0, 0, 1;
    %delay 10000, 0;
    %delay 10000, 0;
    %pushi/vec4 0, 0, 8;
    %ix/load 4, 128, 0;
    %flag_set/imm 4, 0;
    %store/vec4 v0x5ea402374fb0_0, 4, 8;
    %delay 10000, 0;
    %pushi/vec4 3, 0, 8;
    %ix/load 4, 128, 0;
    %flag_set/imm 4, 0;
    %store/vec4 v0x5ea402374fb0_0, 4, 8;
    %delay 10000, 0;
    %delay 10000, 0;
    %pushi/vec4 0, 0, 8;
    %ix/load 4, 128, 0;
    %flag_set/imm 4, 0;
    %store/vec4 v0x5ea402374fb0_0, 4, 8;
    %delay 10000, 0;
    %pushi/vec4 4, 0, 8;
    %ix/load 4, 128, 0;
    %flag_set/imm 4, 0;
    %store/vec4 v0x5ea402374fb0_0, 4, 8;
    %delay 10000, 0;
    %delay 10000, 0;
    %pushi/vec4 0, 0, 8;
    %ix/load 4, 128, 0;
    %flag_set/imm 4, 0;
    %store/vec4 v0x5ea402374fb0_0, 4, 8;
    %delay 10000, 0;
    %delay 50000, 0;
    %vpi_call 2 90 "$finish" {0 0 0};
    %end;
    .thread T_4;
    .scope S_0x5ea402336820;
T_5 ;
    %vpi_call 2 95 "$monitor", "Time=%0d | State=%b | CODE_OUT=%h | TO_SEND=%h | CNT_VAL=%h", $time, v0x5ea4023742d0_0, v0x5ea402374bd0_0, v0x5ea402375150_0, v0x5ea402374b30_0 {0 0 0};
    %end;
    .thread T_5;
# The file index is used to find the file name in the following table.
:file_names 4;
    "N/A";
    "<interactive>";
    "tb_controller_bos.v";
    "././controller_bos.v";
