#! /usr/bin/vvp
:ivl_version "12.0 (stable)" "(v12_0-dirty)";
:ivl_delay_selection "TYPICAL";
:vpi_time_precision - 12;
:vpi_module "/usr/lib/ivl/system.vpi";
:vpi_module "/usr/lib/ivl/vhdl_sys.vpi";
:vpi_module "/usr/lib/ivl/vhdl_textio.vpi";
:vpi_module "/usr/lib/ivl/v2005_math.vpi";
:vpi_module "/usr/lib/ivl/va_math.vpi";
S_0x5f30ec25a520 .scope module, "controller_dd" "controller_dd" 2 4;
 .timescale -9 -12;
    .port_info 0 /INPUT 8 "CODE";
    .port_info 1 /INPUT 16 "CNT_VAL";
    .port_info 2 /INPUT 1 "RESET";
    .port_info 3 /INPUT 1 "CLK";
    .port_info 4 /INPUT 128 "PUF_OUT";
    .port_info 5 /OUTPUT 1 "RESET_DD";
    .port_info 6 /OUTPUT 1 "START_DD";
    .port_info 7 /OUTPUT 1 "DONE";
    .port_info 8 /OUTPUT 128 "PUF_OUT_REG";
P_0x5f30ec25a6b0 .param/l "IDLE_STATE" 1 2 18, C4<0001>;
P_0x5f30ec25a6f0 .param/l "RESET_STATE" 1 2 17, C4<0000>;
P_0x5f30ec25a730 .param/l "SAMPLE_STATE" 1 2 20, C4<0011>;
P_0x5f30ec25a770 .param/l "START_STATE" 1 2 19, C4<0010>;
P_0x5f30ec25a7b0 .param/l "WAIT_STATE" 1 2 21, C4<0100>;
o0x7605da9db018 .functor BUFZ 1, C4<z>; HiZ drive
v0x5f30ec287b20_0 .net "CLK", 0 0, o0x7605da9db018;  0 drivers
v0x5f30ec2b6040_0 .var "CNT", 15 0;
v0x5f30ec2b6120_0 .var "CNT_REG", 15 0;
o0x7605da9db0a8 .functor BUFZ 16, C4<zzzzzzzzzzzzzzzz>; HiZ drive
v0x5f30ec2b61e0_0 .net "CNT_VAL", 15 0, o0x7605da9db0a8;  0 drivers
o0x7605da9db0d8 .functor BUFZ 8, C4<zzzzzzzz>; HiZ drive
v0x5f30ec2b62c0_0 .net "CODE", 7 0, o0x7605da9db0d8;  0 drivers
v0x5f30ec2b63f0_0 .var "DONE", 0 0;
v0x5f30ec2b64b0_0 .var "NES", 2 0;
v0x5f30ec2b6590_0 .var "PRS", 2 0;
o0x7605da9db198 .functor BUFZ 128, C4<zzzzzzzzzzzzzzzzzzzzzzzzzzzzzzzzzzzzzzzzzzzzzzzzzzzzzzzzzzzzzzzzzzzzzzzzzzzzzzzzzzzzzzzzzzzzzzzzzzzzzzzzzzzzzzzzzzzzzzzzzzzzzzzz>; HiZ drive
v0x5f30ec2b6670_0 .net "PUF_OUT", 127 0, o0x7605da9db198;  0 drivers
v0x5f30ec2b6750_0 .var "PUF_OUT_REG", 127 0;
o0x7605da9db1f8 .functor BUFZ 1, C4<z>; HiZ drive
v0x5f30ec2b6830_0 .net "RESET", 0 0, o0x7605da9db1f8;  0 drivers
v0x5f30ec2b68f0_0 .var "RESET_DD", 0 0;
v0x5f30ec2b69b0_0 .var "START_DD", 0 0;
v0x5f30ec2b6a70_0 .net "TRIG_SIG", 0 0, L_0x5f30ec2b6d30;  1 drivers
L_0x7605da992018 .functor BUFT 1, C4<00000001>, C4<0>, C4<0>, C4<0>;
v0x5f30ec2b6b30_0 .net/2u *"_ivl_0", 7 0, L_0x7605da992018;  1 drivers
E_0x5f30ec294540/0 .event anyedge, v0x5f30ec2b6830_0, v0x5f30ec2b6590_0, v0x5f30ec2b6a70_0, v0x5f30ec2b6040_0;
E_0x5f30ec294540/1 .event anyedge, v0x5f30ec2b6120_0;
E_0x5f30ec294540 .event/or E_0x5f30ec294540/0, E_0x5f30ec294540/1;
E_0x5f30ec25b0b0 .event posedge, v0x5f30ec287b20_0;
E_0x5f30ec293ba0 .event posedge, v0x5f30ec2b6830_0, v0x5f30ec287b20_0;
L_0x5f30ec2b6d30 .cmp/eq 8, o0x7605da9db0d8, L_0x7605da992018;
    .scope S_0x5f30ec25a520;
T_0 ;
    %wait E_0x5f30ec293ba0;
    %load/vec4 v0x5f30ec2b6830_0;
    %pad/u 32;
    %cmpi/e 0, 0, 32;
    %jmp/0xz  T_0.0, 4;
    %pushi/vec4 0, 0, 3;
    %assign/vec4 v0x5f30ec2b6590_0, 0;
    %jmp T_0.1;
T_0.0 ;
    %load/vec4 v0x5f30ec2b64b0_0;
    %assign/vec4 v0x5f30ec2b6590_0, 0;
T_0.1 ;
    %jmp T_0;
    .thread T_0;
    .scope S_0x5f30ec25a520;
T_1 ;
    %wait E_0x5f30ec25b0b0;
    %load/vec4 v0x5f30ec2b6830_0;
    %pad/u 32;
    %cmpi/e 0, 0, 32;
    %jmp/0xz  T_1.0, 4;
    %pushi/vec4 0, 0, 16;
    %store/vec4 v0x5f30ec2b6040_0, 0, 16;
    %pushi/vec4 1, 0, 16;
    %store/vec4 v0x5f30ec2b6120_0, 0, 16;
    %pushi/vec4 1, 0, 1;
    %store/vec4 v0x5f30ec2b68f0_0, 0, 1;
    %pushi/vec4 0, 0, 1;
    %store/vec4 v0x5f30ec2b69b0_0, 0, 1;
    %pushi/vec4 0, 0, 1;
    %store/vec4 v0x5f30ec2b63f0_0, 0, 1;
    %pushi/vec4 0, 0, 128;
    %store/vec4 v0x5f30ec2b6750_0, 0, 128;
    %jmp T_1.1;
T_1.0 ;
    %load/vec4 v0x5f30ec2b6590_0;
    %dup/vec4;
    %pushi/vec4 0, 0, 3;
    %cmp/u;
    %jmp/1 T_1.2, 6;
    %dup/vec4;
    %pushi/vec4 1, 0, 3;
    %cmp/u;
    %jmp/1 T_1.3, 6;
    %dup/vec4;
    %pushi/vec4 2, 0, 3;
    %cmp/u;
    %jmp/1 T_1.4, 6;
    %dup/vec4;
    %pushi/vec4 3, 0, 3;
    %cmp/u;
    %jmp/1 T_1.5, 6;
    %dup/vec4;
    %pushi/vec4 4, 0, 3;
    %cmp/u;
    %jmp/1 T_1.6, 6;
    %pushi/vec4 0, 0, 16;
    %store/vec4 v0x5f30ec2b6040_0, 0, 16;
    %pushi/vec4 1, 0, 16;
    %store/vec4 v0x5f30ec2b6120_0, 0, 16;
    %pushi/vec4 1, 0, 1;
    %store/vec4 v0x5f30ec2b68f0_0, 0, 1;
    %pushi/vec4 0, 0, 1;
    %store/vec4 v0x5f30ec2b69b0_0, 0, 1;
    %pushi/vec4 0, 0, 1;
    %store/vec4 v0x5f30ec2b63f0_0, 0, 1;
    %pushi/vec4 0, 0, 128;
    %store/vec4 v0x5f30ec2b6750_0, 0, 128;
    %jmp T_1.8;
T_1.2 ;
    %pushi/vec4 0, 0, 16;
    %store/vec4 v0x5f30ec2b6040_0, 0, 16;
    %pushi/vec4 1, 0, 16;
    %store/vec4 v0x5f30ec2b6120_0, 0, 16;
    %pushi/vec4 1, 0, 1;
    %store/vec4 v0x5f30ec2b68f0_0, 0, 1;
    %pushi/vec4 0, 0, 1;
    %store/vec4 v0x5f30ec2b69b0_0, 0, 1;
    %pushi/vec4 0, 0, 1;
    %store/vec4 v0x5f30ec2b63f0_0, 0, 1;
    %pushi/vec4 0, 0, 128;
    %store/vec4 v0x5f30ec2b6750_0, 0, 128;
    %jmp T_1.8;
T_1.3 ;
    %pushi/vec4 0, 0, 16;
    %store/vec4 v0x5f30ec2b6040_0, 0, 16;
    %load/vec4 v0x5f30ec2b61e0_0;
    %store/vec4 v0x5f30ec2b6120_0, 0, 16;
    %pushi/vec4 1, 0, 1;
    %store/vec4 v0x5f30ec2b68f0_0, 0, 1;
    %pushi/vec4 0, 0, 1;
    %store/vec4 v0x5f30ec2b69b0_0, 0, 1;
    %pushi/vec4 0, 0, 1;
    %store/vec4 v0x5f30ec2b63f0_0, 0, 1;
    %load/vec4 v0x5f30ec2b6750_0;
    %store/vec4 v0x5f30ec2b6750_0, 0, 128;
    %jmp T_1.8;
T_1.4 ;
    %load/vec4 v0x5f30ec2b6040_0;
    %addi 1, 0, 16;
    %store/vec4 v0x5f30ec2b6040_0, 0, 16;
    %load/vec4 v0x5f30ec2b61e0_0;
    %store/vec4 v0x5f30ec2b6120_0, 0, 16;
    %pushi/vec4 0, 0, 1;
    %store/vec4 v0x5f30ec2b68f0_0, 0, 1;
    %pushi/vec4 1, 0, 1;
    %store/vec4 v0x5f30ec2b69b0_0, 0, 1;
    %pushi/vec4 0, 0, 1;
    %store/vec4 v0x5f30ec2b63f0_0, 0, 1;
    %load/vec4 v0x5f30ec2b6750_0;
    %store/vec4 v0x5f30ec2b6750_0, 0, 128;
    %jmp T_1.8;
T_1.5 ;
    %pushi/vec4 0, 0, 16;
    %store/vec4 v0x5f30ec2b6040_0, 0, 16;
    %load/vec4 v0x5f30ec2b61e0_0;
    %store/vec4 v0x5f30ec2b6120_0, 0, 16;
    %pushi/vec4 0, 0, 1;
    %store/vec4 v0x5f30ec2b68f0_0, 0, 1;
    %pushi/vec4 1, 0, 1;
    %store/vec4 v0x5f30ec2b69b0_0, 0, 1;
    %pushi/vec4 1, 0, 1;
    %store/vec4 v0x5f30ec2b63f0_0, 0, 1;
    %load/vec4 v0x5f30ec2b6670_0;
    %store/vec4 v0x5f30ec2b6750_0, 0, 128;
    %jmp T_1.8;
T_1.6 ;
    %pushi/vec4 0, 0, 16;
    %store/vec4 v0x5f30ec2b6040_0, 0, 16;
    %load/vec4 v0x5f30ec2b6120_0;
    %store/vec4 v0x5f30ec2b6120_0, 0, 16;
    %pushi/vec4 1, 0, 1;
    %store/vec4 v0x5f30ec2b68f0_0, 0, 1;
    %pushi/vec4 0, 0, 1;
    %store/vec4 v0x5f30ec2b69b0_0, 0, 1;
    %pushi/vec4 0, 0, 1;
    %store/vec4 v0x5f30ec2b63f0_0, 0, 1;
    %load/vec4 v0x5f30ec2b6750_0;
    %store/vec4 v0x5f30ec2b6750_0, 0, 128;
    %jmp T_1.8;
T_1.8 ;
    %pop/vec4 1;
T_1.1 ;
    %jmp T_1;
    .thread T_1;
    .scope S_0x5f30ec25a520;
T_2 ;
    %wait E_0x5f30ec294540;
    %load/vec4 v0x5f30ec2b6830_0;
    %pad/u 32;
    %cmpi/e 0, 0, 32;
    %jmp/0xz  T_2.0, 4;
    %pushi/vec4 0, 0, 3;
    %assign/vec4 v0x5f30ec2b64b0_0, 0;
    %jmp T_2.1;
T_2.0 ;
    %load/vec4 v0x5f30ec2b6590_0;
    %dup/vec4;
    %pushi/vec4 0, 0, 3;
    %cmp/u;
    %jmp/1 T_2.2, 6;
    %dup/vec4;
    %pushi/vec4 1, 0, 3;
    %cmp/u;
    %jmp/1 T_2.3, 6;
    %dup/vec4;
    %pushi/vec4 2, 0, 3;
    %cmp/u;
    %jmp/1 T_2.4, 6;
    %dup/vec4;
    %pushi/vec4 3, 0, 3;
    %cmp/u;
    %jmp/1 T_2.5, 6;
    %dup/vec4;
    %pushi/vec4 4, 0, 3;
    %cmp/u;
    %jmp/1 T_2.6, 6;
    %pushi/vec4 0, 0, 3;
    %assign/vec4 v0x5f30ec2b64b0_0, 0;
    %jmp T_2.8;
T_2.2 ;
    %pushi/vec4 1, 0, 3;
    %assign/vec4 v0x5f30ec2b64b0_0, 0;
    %jmp T_2.8;
T_2.3 ;
    %load/vec4 v0x5f30ec2b6a70_0;
    %pad/u 32;
    %cmpi/e 0, 0, 32;
    %jmp/0xz  T_2.9, 4;
    %pushi/vec4 1, 0, 3;
    %assign/vec4 v0x5f30ec2b64b0_0, 0;
    %jmp T_2.10;
T_2.9 ;
    %pushi/vec4 2, 0, 3;
    %assign/vec4 v0x5f30ec2b64b0_0, 0;
T_2.10 ;
    %jmp T_2.8;
T_2.4 ;
    %load/vec4 v0x5f30ec2b6040_0;
    %load/vec4 v0x5f30ec2b6120_0;
    %cmp/u;
    %jmp/0xz  T_2.11, 5;
    %pushi/vec4 2, 0, 3;
    %assign/vec4 v0x5f30ec2b64b0_0, 0;
    %jmp T_2.12;
T_2.11 ;
    %pushi/vec4 3, 0, 3;
    %assign/vec4 v0x5f30ec2b64b0_0, 0;
T_2.12 ;
    %jmp T_2.8;
T_2.5 ;
    %pushi/vec4 4, 0, 3;
    %assign/vec4 v0x5f30ec2b64b0_0, 0;
    %jmp T_2.8;
T_2.6 ;
    %load/vec4 v0x5f30ec2b6a70_0;
    %pad/u 32;
    %cmpi/e 0, 0, 32;
    %jmp/0xz  T_2.13, 4;
    %pushi/vec4 1, 0, 3;
    %assign/vec4 v0x5f30ec2b64b0_0, 0;
    %jmp T_2.14;
T_2.13 ;
    %pushi/vec4 4, 0, 3;
    %assign/vec4 v0x5f30ec2b64b0_0, 0;
T_2.14 ;
    %jmp T_2.8;
T_2.8 ;
    %pop/vec4 1;
T_2.1 ;
    %jmp T_2;
    .thread T_2, $push;
# The file index is used to find the file name in the following table.
:file_names 3;
    "N/A";
    "<interactive>";
    "controller_dd.v";
