#! /usr/bin/vvp
:ivl_version "12.0 (stable)" "(v12_0-dirty)";
:ivl_delay_selection "TYPICAL";
:vpi_time_precision - 12;
:vpi_module "/usr/lib/ivl/system.vpi";
:vpi_module "/usr/lib/ivl/vhdl_sys.vpi";
:vpi_module "/usr/lib/ivl/vhdl_textio.vpi";
:vpi_module "/usr/lib/ivl/v2005_math.vpi";
:vpi_module "/usr/lib/ivl/va_math.vpi";
S_0x5b16b5e90f80 .scope module, "tb_controller_dd" "tb_controller_dd" 2 3;
 .timescale -9 -12;
P_0x5b16b5e9b940 .param/l "CLK_PERIOD" 0 2 6, +C4<00000000000000000000000000001010>;
v0x5b16b5ec6810_0 .var "CLK", 0 0;
v0x5b16b5ec68d0_0 .var "CNT_VAL", 15 0;
v0x5b16b5ec69a0_0 .var "CODE", 7 0;
v0x5b16b5ec6aa0_0 .net "DONE", 0 0, v0x5b16b5ec5ed0_0;  1 drivers
v0x5b16b5ec6b70_0 .var "PUF_OUT", 127 0;
v0x5b16b5ec6c10_0 .net "PUF_OUT_REG", 127 0, v0x5b16b5ec6230_0;  1 drivers
v0x5b16b5ec6ce0_0 .var "RESET", 0 0;
v0x5b16b5ec6db0_0 .net "RESET_DD", 0 0, v0x5b16b5ec63d0_0;  1 drivers
v0x5b16b5ec6e80_0 .net "START_DD", 0 0, v0x5b16b5ec6490_0;  1 drivers
S_0x5b16b5ea8fa0 .scope module, "uut" "controller_dd" 2 21, 3 4 0, S_0x5b16b5e90f80;
 .timescale -9 -12;
    .port_info 0 /INPUT 8 "CODE";
    .port_info 1 /INPUT 16 "CNT_VAL";
    .port_info 2 /INPUT 1 "RESET";
    .port_info 3 /INPUT 1 "CLK";
    .port_info 4 /INPUT 128 "PUF_OUT";
    .port_info 5 /OUTPUT 1 "RESET_DD";
    .port_info 6 /OUTPUT 1 "START_DD";
    .port_info 7 /OUTPUT 1 "DONE";
    .port_info 8 /OUTPUT 128 "PUF_OUT_REG";
P_0x5b16b5ea9180 .param/l "IDLE_STATE" 1 3 18, C4<0001>;
P_0x5b16b5ea91c0 .param/l "RESET_STATE" 1 3 17, C4<0000>;
P_0x5b16b5ea9200 .param/l "SAMPLE_STATE" 1 3 20, C4<0011>;
P_0x5b16b5ea9240 .param/l "START_STATE" 1 3 19, C4<0010>;
P_0x5b16b5ea9280 .param/l "WAIT_STATE" 1 3 21, C4<0100>;
v0x5b16b5ea9460_0 .net "CLK", 0 0, v0x5b16b5ec6810_0;  1 drivers
v0x5b16b5eaab30_0 .var "CNT", 15 0;
v0x5b16b5ec5c00_0 .var "CNT_REG", 15 0;
v0x5b16b5ec5cc0_0 .net "CNT_VAL", 15 0, v0x5b16b5ec68d0_0;  1 drivers
v0x5b16b5ec5da0_0 .net "CODE", 7 0, v0x5b16b5ec69a0_0;  1 drivers
v0x5b16b5ec5ed0_0 .var "DONE", 0 0;
v0x5b16b5ec5f90_0 .var "NES", 2 0;
v0x5b16b5ec6070_0 .var "PRS", 2 0;
v0x5b16b5ec6150_0 .net "PUF_OUT", 127 0, v0x5b16b5ec6b70_0;  1 drivers
v0x5b16b5ec6230_0 .var "PUF_OUT_REG", 127 0;
v0x5b16b5ec6310_0 .net "RESET", 0 0, v0x5b16b5ec6ce0_0;  1 drivers
v0x5b16b5ec63d0_0 .var "RESET_DD", 0 0;
v0x5b16b5ec6490_0 .var "START_DD", 0 0;
v0x5b16b5ec6550_0 .net "TRIG_SIG", 0 0, L_0x5b16b5ec6f80;  1 drivers
L_0x722bbe8d7018 .functor BUFT 1, C4<00000001>, C4<0>, C4<0>, C4<0>;
v0x5b16b5ec6610_0 .net/2u *"_ivl_0", 7 0, L_0x722bbe8d7018;  1 drivers
E_0x5b16b5e9bea0/0 .event anyedge, v0x5b16b5ec6310_0, v0x5b16b5ec6070_0, v0x5b16b5ec6550_0, v0x5b16b5eaab30_0;
E_0x5b16b5e9bea0/1 .event anyedge, v0x5b16b5ec5c00_0;
E_0x5b16b5e9bea0 .event/or E_0x5b16b5e9bea0/0, E_0x5b16b5e9bea0/1;
E_0x5b16b5e9ddf0 .event posedge, v0x5b16b5ea9460_0;
E_0x5b16b5e86210 .event posedge, v0x5b16b5ec6310_0, v0x5b16b5ea9460_0;
L_0x5b16b5ec6f80 .cmp/eq 8, v0x5b16b5ec69a0_0, L_0x722bbe8d7018;
    .scope S_0x5b16b5ea8fa0;
T_0 ;
    %wait E_0x5b16b5e86210;
    %load/vec4 v0x5b16b5ec6310_0;
    %pad/u 32;
    %cmpi/e 0, 0, 32;
    %jmp/0xz  T_0.0, 4;
    %pushi/vec4 0, 0, 3;
    %assign/vec4 v0x5b16b5ec6070_0, 0;
    %jmp T_0.1;
T_0.0 ;
    %load/vec4 v0x5b16b5ec5f90_0;
    %assign/vec4 v0x5b16b5ec6070_0, 0;
T_0.1 ;
    %jmp T_0;
    .thread T_0;
    .scope S_0x5b16b5ea8fa0;
T_1 ;
    %wait E_0x5b16b5e9ddf0;
    %load/vec4 v0x5b16b5ec6310_0;
    %pad/u 32;
    %cmpi/e 0, 0, 32;
    %jmp/0xz  T_1.0, 4;
    %pushi/vec4 0, 0, 16;
    %store/vec4 v0x5b16b5eaab30_0, 0, 16;
    %pushi/vec4 1, 0, 16;
    %store/vec4 v0x5b16b5ec5c00_0, 0, 16;
    %pushi/vec4 1, 0, 1;
    %store/vec4 v0x5b16b5ec63d0_0, 0, 1;
    %pushi/vec4 0, 0, 1;
    %store/vec4 v0x5b16b5ec6490_0, 0, 1;
    %pushi/vec4 0, 0, 1;
    %store/vec4 v0x5b16b5ec5ed0_0, 0, 1;
    %pushi/vec4 0, 0, 128;
    %store/vec4 v0x5b16b5ec6230_0, 0, 128;
    %jmp T_1.1;
T_1.0 ;
    %load/vec4 v0x5b16b5ec6070_0;
    %dup/vec4;
    %pushi/vec4 0, 0, 3;
    %cmp/u;
    %jmp/1 T_1.2, 6;
    %dup/vec4;
    %pushi/vec4 1, 0, 3;
    %cmp/u;
    %jmp/1 T_1.3, 6;
    %dup/vec4;
    %pushi/vec4 2, 0, 3;
    %cmp/u;
    %jmp/1 T_1.4, 6;
    %dup/vec4;
    %pushi/vec4 3, 0, 3;
    %cmp/u;
    %jmp/1 T_1.5, 6;
    %dup/vec4;
    %pushi/vec4 4, 0, 3;
    %cmp/u;
    %jmp/1 T_1.6, 6;
    %pushi/vec4 0, 0, 16;
    %store/vec4 v0x5b16b5eaab30_0, 0, 16;
    %pushi/vec4 1, 0, 16;
    %store/vec4 v0x5b16b5ec5c00_0, 0, 16;
    %pushi/vec4 1, 0, 1;
    %store/vec4 v0x5b16b5ec63d0_0, 0, 1;
    %pushi/vec4 0, 0, 1;
    %store/vec4 v0x5b16b5ec6490_0, 0, 1;
    %pushi/vec4 0, 0, 1;
    %store/vec4 v0x5b16b5ec5ed0_0, 0, 1;
    %pushi/vec4 0, 0, 128;
    %store/vec4 v0x5b16b5ec6230_0, 0, 128;
    %jmp T_1.8;
T_1.2 ;
    %pushi/vec4 0, 0, 16;
    %store/vec4 v0x5b16b5eaab30_0, 0, 16;
    %pushi/vec4 1, 0, 16;
    %store/vec4 v0x5b16b5ec5c00_0, 0, 16;
    %pushi/vec4 1, 0, 1;
    %store/vec4 v0x5b16b5ec63d0_0, 0, 1;
    %pushi/vec4 0, 0, 1;
    %store/vec4 v0x5b16b5ec6490_0, 0, 1;
    %pushi/vec4 0, 0, 1;
    %store/vec4 v0x5b16b5ec5ed0_0, 0, 1;
    %pushi/vec4 0, 0, 128;
    %store/vec4 v0x5b16b5ec6230_0, 0, 128;
    %jmp T_1.8;
T_1.3 ;
    %pushi/vec4 0, 0, 16;
    %store/vec4 v0x5b16b5eaab30_0, 0, 16;
    %load/vec4 v0x5b16b5ec5cc0_0;
    %store/vec4 v0x5b16b5ec5c00_0, 0, 16;
    %pushi/vec4 1, 0, 1;
    %store/vec4 v0x5b16b5ec63d0_0, 0, 1;
    %pushi/vec4 0, 0, 1;
    %store/vec4 v0x5b16b5ec6490_0, 0, 1;
    %pushi/vec4 0, 0, 1;
    %store/vec4 v0x5b16b5ec5ed0_0, 0, 1;
    %load/vec4 v0x5b16b5ec6230_0;
    %store/vec4 v0x5b16b5ec6230_0, 0, 128;
    %jmp T_1.8;
T_1.4 ;
    %load/vec4 v0x5b16b5eaab30_0;
    %addi 1, 0, 16;
    %store/vec4 v0x5b16b5eaab30_0, 0, 16;
    %load/vec4 v0x5b16b5ec5cc0_0;
    %store/vec4 v0x5b16b5ec5c00_0, 0, 16;
    %pushi/vec4 0, 0, 1;
    %store/vec4 v0x5b16b5ec63d0_0, 0, 1;
    %pushi/vec4 1, 0, 1;
    %store/vec4 v0x5b16b5ec6490_0, 0, 1;
    %pushi/vec4 0, 0, 1;
    %store/vec4 v0x5b16b5ec5ed0_0, 0, 1;
    %load/vec4 v0x5b16b5ec6230_0;
    %store/vec4 v0x5b16b5ec6230_0, 0, 128;
    %jmp T_1.8;
T_1.5 ;
    %pushi/vec4 0, 0, 16;
    %store/vec4 v0x5b16b5eaab30_0, 0, 16;
    %load/vec4 v0x5b16b5ec5cc0_0;
    %store/vec4 v0x5b16b5ec5c00_0, 0, 16;
    %pushi/vec4 0, 0, 1;
    %store/vec4 v0x5b16b5ec63d0_0, 0, 1;
    %pushi/vec4 1, 0, 1;
    %store/vec4 v0x5b16b5ec6490_0, 0, 1;
    %pushi/vec4 1, 0, 1;
    %store/vec4 v0x5b16b5ec5ed0_0, 0, 1;
    %load/vec4 v0x5b16b5ec6150_0;
    %store/vec4 v0x5b16b5ec6230_0, 0, 128;
    %jmp T_1.8;
T_1.6 ;
    %pushi/vec4 0, 0, 16;
    %store/vec4 v0x5b16b5eaab30_0, 0, 16;
    %load/vec4 v0x5b16b5ec5c00_0;
    %store/vec4 v0x5b16b5ec5c00_0, 0, 16;
    %pushi/vec4 1, 0, 1;
    %store/vec4 v0x5b16b5ec63d0_0, 0, 1;
    %pushi/vec4 0, 0, 1;
    %store/vec4 v0x5b16b5ec6490_0, 0, 1;
    %pushi/vec4 0, 0, 1;
    %store/vec4 v0x5b16b5ec5ed0_0, 0, 1;
    %load/vec4 v0x5b16b5ec6230_0;
    %store/vec4 v0x5b16b5ec6230_0, 0, 128;
    %jmp T_1.8;
T_1.8 ;
    %pop/vec4 1;
T_1.1 ;
    %jmp T_1;
    .thread T_1;
    .scope S_0x5b16b5ea8fa0;
T_2 ;
    %wait E_0x5b16b5e9bea0;
    %load/vec4 v0x5b16b5ec6310_0;
    %pad/u 32;
    %cmpi/e 0, 0, 32;
    %jmp/0xz  T_2.0, 4;
    %pushi/vec4 0, 0, 3;
    %assign/vec4 v0x5b16b5ec5f90_0, 0;
    %jmp T_2.1;
T_2.0 ;
    %load/vec4 v0x5b16b5ec6070_0;
    %dup/vec4;
    %pushi/vec4 0, 0, 3;
    %cmp/u;
    %jmp/1 T_2.2, 6;
    %dup/vec4;
    %pushi/vec4 1, 0, 3;
    %cmp/u;
    %jmp/1 T_2.3, 6;
    %dup/vec4;
    %pushi/vec4 2, 0, 3;
    %cmp/u;
    %jmp/1 T_2.4, 6;
    %dup/vec4;
    %pushi/vec4 3, 0, 3;
    %cmp/u;
    %jmp/1 T_2.5, 6;
    %dup/vec4;
    %pushi/vec4 4, 0, 3;
    %cmp/u;
    %jmp/1 T_2.6, 6;
    %pushi/vec4 0, 0, 3;
    %assign/vec4 v0x5b16b5ec5f90_0, 0;
    %jmp T_2.8;
T_2.2 ;
    %pushi/vec4 1, 0, 3;
    %assign/vec4 v0x5b16b5ec5f90_0, 0;
    %jmp T_2.8;
T_2.3 ;
    %load/vec4 v0x5b16b5ec6550_0;
    %pad/u 32;
    %cmpi/e 0, 0, 32;
    %jmp/0xz  T_2.9, 4;
    %pushi/vec4 1, 0, 3;
    %assign/vec4 v0x5b16b5ec5f90_0, 0;
    %jmp T_2.10;
T_2.9 ;
    %pushi/vec4 2, 0, 3;
    %assign/vec4 v0x5b16b5ec5f90_0, 0;
T_2.10 ;
    %jmp T_2.8;
T_2.4 ;
    %load/vec4 v0x5b16b5eaab30_0;
    %load/vec4 v0x5b16b5ec5c00_0;
    %cmp/u;
    %jmp/0xz  T_2.11, 5;
    %pushi/vec4 2, 0, 3;
    %assign/vec4 v0x5b16b5ec5f90_0, 0;
    %jmp T_2.12;
T_2.11 ;
    %pushi/vec4 3, 0, 3;
    %assign/vec4 v0x5b16b5ec5f90_0, 0;
T_2.12 ;
    %jmp T_2.8;
T_2.5 ;
    %pushi/vec4 4, 0, 3;
    %assign/vec4 v0x5b16b5ec5f90_0, 0;
    %jmp T_2.8;
T_2.6 ;
    %load/vec4 v0x5b16b5ec6550_0;
    %pad/u 32;
    %cmpi/e 0, 0, 32;
    %jmp/0xz  T_2.13, 4;
    %pushi/vec4 1, 0, 3;
    %assign/vec4 v0x5b16b5ec5f90_0, 0;
    %jmp T_2.14;
T_2.13 ;
    %pushi/vec4 4, 0, 3;
    %assign/vec4 v0x5b16b5ec5f90_0, 0;
T_2.14 ;
    %jmp T_2.8;
T_2.8 ;
    %pop/vec4 1;
T_2.1 ;
    %jmp T_2;
    .thread T_2, $push;
    .scope S_0x5b16b5e90f80;
T_3 ;
    %delay 5000, 0;
    %load/vec4 v0x5b16b5ec6810_0;
    %inv;
    %store/vec4 v0x5b16b5ec6810_0, 0, 1;
    %jmp T_3;
    .thread T_3;
    .scope S_0x5b16b5e90f80;
T_4 ;
    %vpi_call 2 40 "$dumpfile", "waveform.vcd" {0 0 0};
    %vpi_call 2 41 "$dumpvars", 32'sb00000000000000000000000000000000, S_0x5b16b5e90f80 {0 0 0};
    %pushi/vec4 0, 0, 1;
    %store/vec4 v0x5b16b5ec6810_0, 0, 1;
    %pushi/vec4 0, 0, 1;
    %store/vec4 v0x5b16b5ec6ce0_0, 0, 1;
    %pushi/vec4 0, 0, 8;
    %store/vec4 v0x5b16b5ec69a0_0, 0, 8;
    %pushi/vec4 10, 0, 16;
    %store/vec4 v0x5b16b5ec68d0_0, 0, 16;
    %pushi/vec4 2779096485, 0, 32;
    %concati/vec4 2779096485, 0, 32;
    %concati/vec4 2779096485, 0, 32;
    %concati/vec4 2779096485, 0, 32;
    %store/vec4 v0x5b16b5ec6b70_0, 0, 128;
    %delay 10000, 0;
    %pushi/vec4 1, 0, 1;
    %store/vec4 v0x5b16b5ec6ce0_0, 0, 1;
    %pushi/vec4 0, 0, 8;
    %store/vec4 v0x5b16b5ec69a0_0, 0, 8;
    %delay 10000, 0;
    %pushi/vec4 1, 0, 8;
    %store/vec4 v0x5b16b5ec69a0_0, 0, 8;
    %load/vec4 v0x5b16b5ec68d0_0;
    %pad/u 32;
    %muli 10, 0, 32;
    %pad/u 64;
    %muli 1000, 0, 64;
    %ix/vec4 4;
    %delayx 4;
    %pushi/vec4 4, 0, 8;
    %store/vec4 v0x5b16b5ec69a0_0, 0, 8;
    %delay 100000, 0;
    %vpi_call 2 58 "$finish" {0 0 0};
    %end;
    .thread T_4;
# The file index is used to find the file name in the following table.
:file_names 4;
    "N/A";
    "<interactive>";
    "tb_controller.v";
    "././controller_dd.v";
