#! /usr/bin/vvp
:ivl_version "12.0 (stable)" "(v12_0-dirty)";
:ivl_delay_selection "TYPICAL";
:vpi_time_precision - 12;
:vpi_module "/usr/lib/ivl/system.vpi";
:vpi_module "/usr/lib/ivl/vhdl_sys.vpi";
:vpi_module "/usr/lib/ivl/vhdl_textio.vpi";
:vpi_module "/usr/lib/ivl/v2005_math.vpi";
:vpi_module "/usr/lib/ivl/va_math.vpi";
S_0x61f4d23d9520 .scope module, "controller_xor" "controller_xor" 2 4;
 .timescale -9 -12;
    .port_info 0 /INPUT 8 "CODE";
    .port_info 1 /INPUT 16 "CNT_VAL";
    .port_info 2 /INPUT 1 "RESET";
    .port_info 3 /INPUT 1 "CLK";
    .port_info 4 /INPUT 128 "PUF_OUT";
    .port_info 5 /OUTPUT 1 "RESET_XOR";
    .port_info 6 /OUTPUT 1 "I1_XOR";
    .port_info 7 /OUTPUT 1 "I2_XOR";
    .port_info 8 /OUTPUT 1 "DONE";
    .port_info 9 /OUTPUT 128 "PUF_OUT_REG";
P_0x61f4d23d96b0 .param/l "IDLE_STATE" 1 2 19, C4<0001>;
P_0x61f4d23d96f0 .param/l "RESET_STATE" 1 2 18, C4<0000>;
P_0x61f4d23d9730 .param/l "START_STATE1" 1 2 20, C4<0010>;
P_0x61f4d23d9770 .param/l "START_STATE2" 1 2 21, C4<0011>;
P_0x61f4d23d97b0 .param/l "START_STATE3" 1 2 22, C4<0100>;
P_0x61f4d23d97f0 .param/l "WAIT_STATE" 1 2 23, C4<0101>;
o0x769fd19de018 .functor BUFZ 1, C4<z>; HiZ drive
v0x61f4d24009e0_0 .net "CLK", 0 0, o0x769fd19de018;  0 drivers
v0x61f4d243a8f0_0 .var "CNT", 15 0;
v0x61f4d243a9d0_0 .var "CNT_REG", 15 0;
o0x769fd19de0a8 .functor BUFZ 16, C4<zzzzzzzzzzzzzzzz>; HiZ drive
v0x61f4d243aa90_0 .net "CNT_VAL", 15 0, o0x769fd19de0a8;  0 drivers
o0x769fd19de0d8 .functor BUFZ 8, C4<zzzzzzzz>; HiZ drive
v0x61f4d243ab70_0 .net "CODE", 7 0, o0x769fd19de0d8;  0 drivers
v0x61f4d243aca0_0 .var "DONE", 0 0;
v0x61f4d243ad60_0 .var "I1_XOR", 0 0;
v0x61f4d243ae20_0 .var "I2_XOR", 0 0;
v0x61f4d243aee0_0 .var "NES", 2 0;
v0x61f4d243afc0_0 .var "PRS", 2 0;
o0x769fd19de1f8 .functor BUFZ 128, C4<zzzzzzzzzzzzzzzzzzzzzzzzzzzzzzzzzzzzzzzzzzzzzzzzzzzzzzzzzzzzzzzzzzzzzzzzzzzzzzzzzzzzzzzzzzzzzzzzzzzzzzzzzzzzzzzzzzzzzzzzzzzzzzzz>; HiZ drive
v0x61f4d243b0a0_0 .net "PUF_OUT", 127 0, o0x769fd19de1f8;  0 drivers
v0x61f4d243b180_0 .var "PUF_OUT_REG", 127 0;
o0x769fd19de258 .functor BUFZ 1, C4<z>; HiZ drive
v0x61f4d243b260_0 .net "RESET", 0 0, o0x769fd19de258;  0 drivers
v0x61f4d243b320_0 .var "RESET_XOR", 0 0;
v0x61f4d243b3e0_0 .net "TRIG_SIG", 0 0, L_0x61f4d243b720;  1 drivers
L_0x769fd1995018 .functor BUFT 1, C4<00000010>, C4<0>, C4<0>, C4<0>;
v0x61f4d243b4a0_0 .net/2u *"_ivl_0", 7 0, L_0x769fd1995018;  1 drivers
E_0x61f4d23da0b0 .event posedge, v0x61f4d24009e0_0;
E_0x61f4d2412ba0/0 .event anyedge, v0x61f4d243b260_0, v0x61f4d243afc0_0, v0x61f4d243aa90_0, v0x61f4d243b180_0;
E_0x61f4d2412ba0/1 .event anyedge, v0x61f4d243a8f0_0, v0x61f4d243a9d0_0, v0x61f4d243b0a0_0;
E_0x61f4d2412ba0 .event/or E_0x61f4d2412ba0/0, E_0x61f4d2412ba0/1;
L_0x61f4d243b720 .cmp/eq 8, o0x769fd19de0d8, L_0x769fd1995018;
    .scope S_0x61f4d23d9520;
T_0 ;
    %wait E_0x61f4d23da0b0;
    %load/vec4 v0x61f4d243b260_0;
    %pad/u 32;
    %cmpi/e 0, 0, 32;
    %jmp/0xz  T_0.0, 4;
    %pushi/vec4 0, 0, 3;
    %assign/vec4 v0x61f4d243afc0_0, 0;
    %jmp T_0.1;
T_0.0 ;
    %load/vec4 v0x61f4d243aee0_0;
    %assign/vec4 v0x61f4d243afc0_0, 0;
T_0.1 ;
    %jmp T_0;
    .thread T_0;
    .scope S_0x61f4d23d9520;
T_1 ;
    %wait E_0x61f4d2412ba0;
    %load/vec4 v0x61f4d243b260_0;
    %pad/u 32;
    %cmpi/e 0, 0, 32;
    %jmp/0xz  T_1.0, 4;
    %pushi/vec4 0, 0, 16;
    %assign/vec4 v0x61f4d243a8f0_0, 0;
    %pushi/vec4 1, 0, 16;
    %assign/vec4 v0x61f4d243a9d0_0, 0;
    %pushi/vec4 0, 0, 1;
    %assign/vec4 v0x61f4d243b320_0, 0;
    %pushi/vec4 0, 0, 1;
    %assign/vec4 v0x61f4d243ad60_0, 0;
    %pushi/vec4 0, 0, 1;
    %assign/vec4 v0x61f4d243ae20_0, 0;
    %pushi/vec4 0, 0, 1;
    %assign/vec4 v0x61f4d243aca0_0, 0;
    %pushi/vec4 0, 0, 128;
    %assign/vec4 v0x61f4d243b180_0, 0;
    %jmp T_1.1;
T_1.0 ;
    %load/vec4 v0x61f4d243afc0_0;
    %dup/vec4;
    %pushi/vec4 0, 0, 3;
    %cmp/u;
    %jmp/1 T_1.2, 6;
    %dup/vec4;
    %pushi/vec4 1, 0, 3;
    %cmp/u;
    %jmp/1 T_1.3, 6;
    %dup/vec4;
    %pushi/vec4 2, 0, 3;
    %cmp/u;
    %jmp/1 T_1.4, 6;
    %dup/vec4;
    %pushi/vec4 3, 0, 3;
    %cmp/u;
    %jmp/1 T_1.5, 6;
    %dup/vec4;
    %pushi/vec4 4, 0, 3;
    %cmp/u;
    %jmp/1 T_1.6, 6;
    %dup/vec4;
    %pushi/vec4 5, 0, 3;
    %cmp/u;
    %jmp/1 T_1.7, 6;
    %pushi/vec4 0, 0, 16;
    %assign/vec4 v0x61f4d243a8f0_0, 0;
    %pushi/vec4 1, 0, 16;
    %assign/vec4 v0x61f4d243a9d0_0, 0;
    %pushi/vec4 0, 0, 1;
    %assign/vec4 v0x61f4d243b320_0, 0;
    %pushi/vec4 0, 0, 1;
    %assign/vec4 v0x61f4d243ad60_0, 0;
    %pushi/vec4 0, 0, 1;
    %assign/vec4 v0x61f4d243ae20_0, 0;
    %pushi/vec4 0, 0, 1;
    %assign/vec4 v0x61f4d243aca0_0, 0;
    %pushi/vec4 0, 0, 128;
    %assign/vec4 v0x61f4d243b180_0, 0;
    %jmp T_1.9;
T_1.2 ;
    %pushi/vec4 0, 0, 16;
    %assign/vec4 v0x61f4d243a8f0_0, 0;
    %pushi/vec4 1, 0, 16;
    %assign/vec4 v0x61f4d243a9d0_0, 0;
    %pushi/vec4 0, 0, 1;
    %assign/vec4 v0x61f4d243b320_0, 0;
    %pushi/vec4 0, 0, 1;
    %assign/vec4 v0x61f4d243ad60_0, 0;
    %pushi/vec4 0, 0, 1;
    %assign/vec4 v0x61f4d243ae20_0, 0;
    %pushi/vec4 0, 0, 1;
    %assign/vec4 v0x61f4d243aca0_0, 0;
    %pushi/vec4 0, 0, 128;
    %assign/vec4 v0x61f4d243b180_0, 0;
    %jmp T_1.9;
T_1.3 ;
    %pushi/vec4 0, 0, 16;
    %assign/vec4 v0x61f4d243a8f0_0, 0;
    %load/vec4 v0x61f4d243aa90_0;
    %assign/vec4 v0x61f4d243a9d0_0, 0;
    %pushi/vec4 0, 0, 1;
    %assign/vec4 v0x61f4d243b320_0, 0;
    %pushi/vec4 0, 0, 1;
    %assign/vec4 v0x61f4d243ad60_0, 0;
    %pushi/vec4 0, 0, 1;
    %assign/vec4 v0x61f4d243ae20_0, 0;
    %pushi/vec4 0, 0, 1;
    %assign/vec4 v0x61f4d243aca0_0, 0;
    %load/vec4 v0x61f4d243b180_0;
    %assign/vec4 v0x61f4d243b180_0, 0;
    %jmp T_1.9;
T_1.4 ;
    %pushi/vec4 0, 0, 16;
    %assign/vec4 v0x61f4d243a8f0_0, 0;
    %load/vec4 v0x61f4d243aa90_0;
    %assign/vec4 v0x61f4d243a9d0_0, 0;
    %pushi/vec4 1, 0, 1;
    %assign/vec4 v0x61f4d243b320_0, 0;
    %pushi/vec4 0, 0, 1;
    %assign/vec4 v0x61f4d243ad60_0, 0;
    %pushi/vec4 0, 0, 1;
    %assign/vec4 v0x61f4d243ae20_0, 0;
    %pushi/vec4 0, 0, 1;
    %assign/vec4 v0x61f4d243aca0_0, 0;
    %load/vec4 v0x61f4d243b180_0;
    %assign/vec4 v0x61f4d243b180_0, 0;
    %jmp T_1.9;
T_1.5 ;
    %load/vec4 v0x61f4d243a8f0_0;
    %addi 1, 0, 16;
    %assign/vec4 v0x61f4d243a8f0_0, 0;
    %load/vec4 v0x61f4d243a9d0_0;
    %assign/vec4 v0x61f4d243a9d0_0, 0;
    %pushi/vec4 1, 0, 1;
    %assign/vec4 v0x61f4d243b320_0, 0;
    %pushi/vec4 1, 0, 1;
    %assign/vec4 v0x61f4d243ad60_0, 0;
    %pushi/vec4 1, 0, 1;
    %assign/vec4 v0x61f4d243ae20_0, 0;
    %pushi/vec4 0, 0, 1;
    %assign/vec4 v0x61f4d243aca0_0, 0;
    %load/vec4 v0x61f4d243b180_0;
    %assign/vec4 v0x61f4d243b180_0, 0;
    %jmp T_1.9;
T_1.6 ;
    %pushi/vec4 0, 0, 16;
    %assign/vec4 v0x61f4d243a8f0_0, 0;
    %load/vec4 v0x61f4d243a9d0_0;
    %assign/vec4 v0x61f4d243a9d0_0, 0;
    %pushi/vec4 1, 0, 1;
    %assign/vec4 v0x61f4d243b320_0, 0;
    %pushi/vec4 1, 0, 1;
    %assign/vec4 v0x61f4d243ad60_0, 0;
    %pushi/vec4 1, 0, 1;
    %assign/vec4 v0x61f4d243ae20_0, 0;
    %pushi/vec4 1, 0, 1;
    %assign/vec4 v0x61f4d243aca0_0, 0;
    %load/vec4 v0x61f4d243b0a0_0;
    %assign/vec4 v0x61f4d243b180_0, 0;
    %jmp T_1.9;
T_1.7 ;
    %pushi/vec4 0, 0, 16;
    %assign/vec4 v0x61f4d243a8f0_0, 0;
    %load/vec4 v0x61f4d243a9d0_0;
    %assign/vec4 v0x61f4d243a9d0_0, 0;
    %pushi/vec4 1, 0, 1;
    %assign/vec4 v0x61f4d243b320_0, 0;
    %pushi/vec4 1, 0, 1;
    %assign/vec4 v0x61f4d243ad60_0, 0;
    %pushi/vec4 1, 0, 1;
    %assign/vec4 v0x61f4d243ae20_0, 0;
    %pushi/vec4 0, 0, 1;
    %assign/vec4 v0x61f4d243aca0_0, 0;
    %load/vec4 v0x61f4d243b0a0_0;
    %assign/vec4 v0x61f4d243b180_0, 0;
    %jmp T_1.9;
T_1.9 ;
    %pop/vec4 1;
T_1.1 ;
    %jmp T_1;
    .thread T_1, $push;
    .scope S_0x61f4d23d9520;
T_2 ;
    %wait E_0x61f4d23da0b0;
    %load/vec4 v0x61f4d243b260_0;
    %pad/u 32;
    %cmpi/e 0, 0, 32;
    %jmp/0xz  T_2.0, 4;
    %pushi/vec4 0, 0, 3;
    %assign/vec4 v0x61f4d243aee0_0, 0;
    %jmp T_2.1;
T_2.0 ;
    %load/vec4 v0x61f4d243afc0_0;
    %dup/vec4;
    %pushi/vec4 0, 0, 3;
    %cmp/u;
    %jmp/1 T_2.2, 6;
    %dup/vec4;
    %pushi/vec4 1, 0, 3;
    %cmp/u;
    %jmp/1 T_2.3, 6;
    %dup/vec4;
    %pushi/vec4 2, 0, 3;
    %cmp/u;
    %jmp/1 T_2.4, 6;
    %dup/vec4;
    %pushi/vec4 3, 0, 3;
    %cmp/u;
    %jmp/1 T_2.5, 6;
    %dup/vec4;
    %pushi/vec4 4, 0, 3;
    %cmp/u;
    %jmp/1 T_2.6, 6;
    %dup/vec4;
    %pushi/vec4 5, 0, 3;
    %cmp/u;
    %jmp/1 T_2.7, 6;
    %pushi/vec4 0, 0, 3;
    %assign/vec4 v0x61f4d243aee0_0, 0;
    %jmp T_2.9;
T_2.2 ;
    %pushi/vec4 1, 0, 3;
    %assign/vec4 v0x61f4d243aee0_0, 0;
    %jmp T_2.9;
T_2.3 ;
    %load/vec4 v0x61f4d243b3e0_0;
    %pad/u 32;
    %cmpi/e 0, 0, 32;
    %jmp/0xz  T_2.10, 4;
    %pushi/vec4 1, 0, 3;
    %assign/vec4 v0x61f4d243aee0_0, 0;
    %jmp T_2.11;
T_2.10 ;
    %pushi/vec4 2, 0, 3;
    %assign/vec4 v0x61f4d243aee0_0, 0;
T_2.11 ;
    %jmp T_2.9;
T_2.4 ;
    %pushi/vec4 3, 0, 3;
    %assign/vec4 v0x61f4d243aee0_0, 0;
    %jmp T_2.9;
T_2.5 ;
    %load/vec4 v0x61f4d243a8f0_0;
    %load/vec4 v0x61f4d243a9d0_0;
    %cmp/u;
    %jmp/0xz  T_2.12, 5;
    %pushi/vec4 3, 0, 3;
    %assign/vec4 v0x61f4d243aee0_0, 0;
    %jmp T_2.13;
T_2.12 ;
    %pushi/vec4 4, 0, 3;
    %assign/vec4 v0x61f4d243aee0_0, 0;
T_2.13 ;
    %jmp T_2.9;
T_2.6 ;
    %load/vec4 v0x61f4d243b3e0_0;
    %pad/u 32;
    %cmpi/e 0, 0, 32;
    %jmp/0xz  T_2.14, 4;
    %pushi/vec4 1, 0, 3;
    %assign/vec4 v0x61f4d243aee0_0, 0;
    %jmp T_2.15;
T_2.14 ;
    %pushi/vec4 5, 0, 3;
    %assign/vec4 v0x61f4d243aee0_0, 0;
T_2.15 ;
    %jmp T_2.9;
T_2.7 ;
    %load/vec4 v0x61f4d243b3e0_0;
    %pad/u 32;
    %cmpi/e 0, 0, 32;
    %jmp/0xz  T_2.16, 4;
    %pushi/vec4 1, 0, 3;
    %assign/vec4 v0x61f4d243aee0_0, 0;
    %jmp T_2.17;
T_2.16 ;
    %pushi/vec4 5, 0, 3;
    %assign/vec4 v0x61f4d243aee0_0, 0;
T_2.17 ;
    %jmp T_2.9;
T_2.9 ;
    %pop/vec4 1;
T_2.1 ;
    %jmp T_2;
    .thread T_2;
# The file index is used to find the file name in the following table.
:file_names 3;
    "N/A";
    "<interactive>";
    "controller_xor.v";
