#! /usr/bin/vvp
:ivl_version "12.0 (stable)" "(v12_0-dirty)";
:ivl_delay_selection "TYPICAL";
:vpi_time_precision - 12;
:vpi_module "/usr/lib/ivl/system.vpi";
:vpi_module "/usr/lib/ivl/vhdl_sys.vpi";
:vpi_module "/usr/lib/ivl/vhdl_textio.vpi";
:vpi_module "/usr/lib/ivl/v2005_math.vpi";
:vpi_module "/usr/lib/ivl/va_math.vpi";
S_0x5b9e4ed20b80 .scope module, "tb_controller_xor" "tb_controller_xor" 2 3;
 .timescale -9 -12;
v0x5b9e4ed42900_0 .var "CLK", 0 0;
v0x5b9e4ed429c0_0 .var "CNT_VAL", 15 0;
v0x5b9e4ed42a60_0 .var "CODE", 7 0;
v0x5b9e4ed42b30_0 .net "DONE", 0 0, v0x5b9e4ed41e80_0;  1 drivers
v0x5b9e4ed42c00_0 .net "I1_XOR", 0 0, v0x5b9e4ed41f40_0;  1 drivers
v0x5b9e4ed42ca0_0 .net "I2_XOR", 0 0, v0x5b9e4ed42000_0;  1 drivers
v0x5b9e4ed42d70_0 .var "PUF_OUT", 127 0;
v0x5b9e4ed42e40_0 .net "PUF_OUT_REG", 127 0, v0x5b9e4ed42360_0;  1 drivers
v0x5b9e4ed42f10_0 .var "RESET", 0 0;
v0x5b9e4ed42fe0_0 .net "RESET_XOR", 0 0, v0x5b9e4ed42500_0;  1 drivers
S_0x5b9e4ed20d10 .scope module, "uut" "controller_xor" 2 19, 3 4 0, S_0x5b9e4ed20b80;
 .timescale -9 -12;
    .port_info 0 /INPUT 8 "CODE";
    .port_info 1 /INPUT 16 "CNT_VAL";
    .port_info 2 /INPUT 1 "RESET";
    .port_info 3 /INPUT 1 "CLK";
    .port_info 4 /INPUT 128 "PUF_OUT";
    .port_info 5 /OUTPUT 1 "RESET_XOR";
    .port_info 6 /OUTPUT 1 "I1_XOR";
    .port_info 7 /OUTPUT 1 "I2_XOR";
    .port_info 8 /OUTPUT 1 "DONE";
    .port_info 9 /OUTPUT 128 "PUF_OUT_REG";
P_0x5b9e4ecd6470 .param/l "IDLE_STATE" 1 3 19, C4<0001>;
P_0x5b9e4ecd64b0 .param/l "RESET_STATE" 1 3 18, C4<0000>;
P_0x5b9e4ecd64f0 .param/l "START_STATE1" 1 3 20, C4<0010>;
P_0x5b9e4ecd6530 .param/l "START_STATE2" 1 3 21, C4<0011>;
P_0x5b9e4ecd6570 .param/l "START_STATE3" 1 3 22, C4<0100>;
P_0x5b9e4ecd65b0 .param/l "WAIT_STATE" 1 3 23, C4<0101>;
v0x5b9e4ecfed70_0 .net "CLK", 0 0, v0x5b9e4ed42900_0;  1 drivers
v0x5b9e4ed41ad0_0 .var "CNT", 15 0;
v0x5b9e4ed41bb0_0 .var "CNT_REG", 15 0;
v0x5b9e4ed41c70_0 .net "CNT_VAL", 15 0, v0x5b9e4ed429c0_0;  1 drivers
v0x5b9e4ed41d50_0 .net "CODE", 7 0, v0x5b9e4ed42a60_0;  1 drivers
v0x5b9e4ed41e80_0 .var "DONE", 0 0;
v0x5b9e4ed41f40_0 .var "I1_XOR", 0 0;
v0x5b9e4ed42000_0 .var "I2_XOR", 0 0;
v0x5b9e4ed420c0_0 .var "NES", 2 0;
v0x5b9e4ed421a0_0 .var "PRS", 2 0;
v0x5b9e4ed42280_0 .net "PUF_OUT", 127 0, v0x5b9e4ed42d70_0;  1 drivers
v0x5b9e4ed42360_0 .var "PUF_OUT_REG", 127 0;
v0x5b9e4ed42440_0 .net "RESET", 0 0, v0x5b9e4ed42f10_0;  1 drivers
v0x5b9e4ed42500_0 .var "RESET_XOR", 0 0;
v0x5b9e4ed425c0_0 .net "TRIG_SIG", 0 0, L_0x5b9e4ed430e0;  1 drivers
L_0x7025d848c018 .functor BUFT 1, C4<00000010>, C4<0>, C4<0>, C4<0>;
v0x5b9e4ed42680_0 .net/2u *"_ivl_0", 7 0, L_0x7025d848c018;  1 drivers
E_0x5b9e4ed0f240 .event posedge, v0x5b9e4ecfed70_0;
E_0x5b9e4ed0fbe0/0 .event anyedge, v0x5b9e4ed42440_0, v0x5b9e4ed421a0_0, v0x5b9e4ed41c70_0, v0x5b9e4ed42360_0;
E_0x5b9e4ed0fbe0/1 .event anyedge, v0x5b9e4ed41ad0_0, v0x5b9e4ed41bb0_0, v0x5b9e4ed42280_0;
E_0x5b9e4ed0fbe0 .event/or E_0x5b9e4ed0fbe0/0, E_0x5b9e4ed0fbe0/1;
L_0x5b9e4ed430e0 .cmp/eq 8, v0x5b9e4ed42a60_0, L_0x7025d848c018;
    .scope S_0x5b9e4ed20d10;
T_0 ;
    %wait E_0x5b9e4ed0f240;
    %load/vec4 v0x5b9e4ed42440_0;
    %pad/u 32;
    %cmpi/e 0, 0, 32;
    %jmp/0xz  T_0.0, 4;
    %pushi/vec4 0, 0, 3;
    %assign/vec4 v0x5b9e4ed421a0_0, 0;
    %jmp T_0.1;
T_0.0 ;
    %load/vec4 v0x5b9e4ed420c0_0;
    %assign/vec4 v0x5b9e4ed421a0_0, 0;
T_0.1 ;
    %jmp T_0;
    .thread T_0;
    .scope S_0x5b9e4ed20d10;
T_1 ;
    %wait E_0x5b9e4ed0fbe0;
    %load/vec4 v0x5b9e4ed42440_0;
    %pad/u 32;
    %cmpi/e 0, 0, 32;
    %jmp/0xz  T_1.0, 4;
    %pushi/vec4 0, 0, 16;
    %assign/vec4 v0x5b9e4ed41ad0_0, 0;
    %pushi/vec4 1, 0, 16;
    %assign/vec4 v0x5b9e4ed41bb0_0, 0;
    %pushi/vec4 0, 0, 1;
    %assign/vec4 v0x5b9e4ed42500_0, 0;
    %pushi/vec4 0, 0, 1;
    %assign/vec4 v0x5b9e4ed41f40_0, 0;
    %pushi/vec4 0, 0, 1;
    %assign/vec4 v0x5b9e4ed42000_0, 0;
    %pushi/vec4 0, 0, 1;
    %assign/vec4 v0x5b9e4ed41e80_0, 0;
    %pushi/vec4 0, 0, 128;
    %assign/vec4 v0x5b9e4ed42360_0, 0;
    %jmp T_1.1;
T_1.0 ;
    %load/vec4 v0x5b9e4ed421a0_0;
    %dup/vec4;
    %pushi/vec4 0, 0, 3;
    %cmp/u;
    %jmp/1 T_1.2, 6;
    %dup/vec4;
    %pushi/vec4 1, 0, 3;
    %cmp/u;
    %jmp/1 T_1.3, 6;
    %dup/vec4;
    %pushi/vec4 2, 0, 3;
    %cmp/u;
    %jmp/1 T_1.4, 6;
    %dup/vec4;
    %pushi/vec4 3, 0, 3;
    %cmp/u;
    %jmp/1 T_1.5, 6;
    %dup/vec4;
    %pushi/vec4 4, 0, 3;
    %cmp/u;
    %jmp/1 T_1.6, 6;
    %dup/vec4;
    %pushi/vec4 5, 0, 3;
    %cmp/u;
    %jmp/1 T_1.7, 6;
    %pushi/vec4 0, 0, 16;
    %assign/vec4 v0x5b9e4ed41ad0_0, 0;
    %pushi/vec4 1, 0, 16;
    %assign/vec4 v0x5b9e4ed41bb0_0, 0;
    %pushi/vec4 0, 0, 1;
    %assign/vec4 v0x5b9e4ed42500_0, 0;
    %pushi/vec4 0, 0, 1;
    %assign/vec4 v0x5b9e4ed41f40_0, 0;
    %pushi/vec4 0, 0, 1;
    %assign/vec4 v0x5b9e4ed42000_0, 0;
    %pushi/vec4 0, 0, 1;
    %assign/vec4 v0x5b9e4ed41e80_0, 0;
    %pushi/vec4 0, 0, 128;
    %assign/vec4 v0x5b9e4ed42360_0, 0;
    %jmp T_1.9;
T_1.2 ;
    %pushi/vec4 0, 0, 16;
    %assign/vec4 v0x5b9e4ed41ad0_0, 0;
    %pushi/vec4 1, 0, 16;
    %assign/vec4 v0x5b9e4ed41bb0_0, 0;
    %pushi/vec4 0, 0, 1;
    %assign/vec4 v0x5b9e4ed42500_0, 0;
    %pushi/vec4 0, 0, 1;
    %assign/vec4 v0x5b9e4ed41f40_0, 0;
    %pushi/vec4 0, 0, 1;
    %assign/vec4 v0x5b9e4ed42000_0, 0;
    %pushi/vec4 0, 0, 1;
    %assign/vec4 v0x5b9e4ed41e80_0, 0;
    %pushi/vec4 0, 0, 128;
    %assign/vec4 v0x5b9e4ed42360_0, 0;
    %jmp T_1.9;
T_1.3 ;
    %pushi/vec4 0, 0, 16;
    %assign/vec4 v0x5b9e4ed41ad0_0, 0;
    %load/vec4 v0x5b9e4ed41c70_0;
    %assign/vec4 v0x5b9e4ed41bb0_0, 0;
    %pushi/vec4 0, 0, 1;
    %assign/vec4 v0x5b9e4ed42500_0, 0;
    %pushi/vec4 0, 0, 1;
    %assign/vec4 v0x5b9e4ed41f40_0, 0;
    %pushi/vec4 0, 0, 1;
    %assign/vec4 v0x5b9e4ed42000_0, 0;
    %pushi/vec4 0, 0, 1;
    %assign/vec4 v0x5b9e4ed41e80_0, 0;
    %load/vec4 v0x5b9e4ed42360_0;
    %assign/vec4 v0x5b9e4ed42360_0, 0;
    %jmp T_1.9;
T_1.4 ;
    %pushi/vec4 0, 0, 16;
    %assign/vec4 v0x5b9e4ed41ad0_0, 0;
    %load/vec4 v0x5b9e4ed41c70_0;
    %assign/vec4 v0x5b9e4ed41bb0_0, 0;
    %pushi/vec4 1, 0, 1;
    %assign/vec4 v0x5b9e4ed42500_0, 0;
    %pushi/vec4 0, 0, 1;
    %assign/vec4 v0x5b9e4ed41f40_0, 0;
    %pushi/vec4 0, 0, 1;
    %assign/vec4 v0x5b9e4ed42000_0, 0;
    %pushi/vec4 0, 0, 1;
    %assign/vec4 v0x5b9e4ed41e80_0, 0;
    %load/vec4 v0x5b9e4ed42360_0;
    %assign/vec4 v0x5b9e4ed42360_0, 0;
    %jmp T_1.9;
T_1.5 ;
    %load/vec4 v0x5b9e4ed41ad0_0;
    %addi 1, 0, 16;
    %assign/vec4 v0x5b9e4ed41ad0_0, 0;
    %load/vec4 v0x5b9e4ed41bb0_0;
    %assign/vec4 v0x5b9e4ed41bb0_0, 0;
    %pushi/vec4 1, 0, 1;
    %assign/vec4 v0x5b9e4ed42500_0, 0;
    %pushi/vec4 1, 0, 1;
    %assign/vec4 v0x5b9e4ed41f40_0, 0;
    %pushi/vec4 1, 0, 1;
    %assign/vec4 v0x5b9e4ed42000_0, 0;
    %pushi/vec4 0, 0, 1;
    %assign/vec4 v0x5b9e4ed41e80_0, 0;
    %load/vec4 v0x5b9e4ed42360_0;
    %assign/vec4 v0x5b9e4ed42360_0, 0;
    %jmp T_1.9;
T_1.6 ;
    %pushi/vec4 0, 0, 16;
    %assign/vec4 v0x5b9e4ed41ad0_0, 0;
    %load/vec4 v0x5b9e4ed41bb0_0;
    %assign/vec4 v0x5b9e4ed41bb0_0, 0;
    %pushi/vec4 1, 0, 1;
    %assign/vec4 v0x5b9e4ed42500_0, 0;
    %pushi/vec4 1, 0, 1;
    %assign/vec4 v0x5b9e4ed41f40_0, 0;
    %pushi/vec4 1, 0, 1;
    %assign/vec4 v0x5b9e4ed42000_0, 0;
    %pushi/vec4 1, 0, 1;
    %assign/vec4 v0x5b9e4ed41e80_0, 0;
    %load/vec4 v0x5b9e4ed42280_0;
    %assign/vec4 v0x5b9e4ed42360_0, 0;
    %jmp T_1.9;
T_1.7 ;
    %pushi/vec4 0, 0, 16;
    %assign/vec4 v0x5b9e4ed41ad0_0, 0;
    %load/vec4 v0x5b9e4ed41bb0_0;
    %assign/vec4 v0x5b9e4ed41bb0_0, 0;
    %pushi/vec4 1, 0, 1;
    %assign/vec4 v0x5b9e4ed42500_0, 0;
    %pushi/vec4 1, 0, 1;
    %assign/vec4 v0x5b9e4ed41f40_0, 0;
    %pushi/vec4 1, 0, 1;
    %assign/vec4 v0x5b9e4ed42000_0, 0;
    %pushi/vec4 0, 0, 1;
    %assign/vec4 v0x5b9e4ed41e80_0, 0;
    %load/vec4 v0x5b9e4ed42280_0;
    %assign/vec4 v0x5b9e4ed42360_0, 0;
    %jmp T_1.9;
T_1.9 ;
    %pop/vec4 1;
T_1.1 ;
    %jmp T_1;
    .thread T_1, $push;
    .scope S_0x5b9e4ed20d10;
T_2 ;
    %wait E_0x5b9e4ed0f240;
    %load/vec4 v0x5b9e4ed42440_0;
    %pad/u 32;
    %cmpi/e 0, 0, 32;
    %jmp/0xz  T_2.0, 4;
    %pushi/vec4 0, 0, 3;
    %assign/vec4 v0x5b9e4ed420c0_0, 0;
    %jmp T_2.1;
T_2.0 ;
    %load/vec4 v0x5b9e4ed421a0_0;
    %dup/vec4;
    %pushi/vec4 0, 0, 3;
    %cmp/u;
    %jmp/1 T_2.2, 6;
    %dup/vec4;
    %pushi/vec4 1, 0, 3;
    %cmp/u;
    %jmp/1 T_2.3, 6;
    %dup/vec4;
    %pushi/vec4 2, 0, 3;
    %cmp/u;
    %jmp/1 T_2.4, 6;
    %dup/vec4;
    %pushi/vec4 3, 0, 3;
    %cmp/u;
    %jmp/1 T_2.5, 6;
    %dup/vec4;
    %pushi/vec4 4, 0, 3;
    %cmp/u;
    %jmp/1 T_2.6, 6;
    %dup/vec4;
    %pushi/vec4 5, 0, 3;
    %cmp/u;
    %jmp/1 T_2.7, 6;
    %pushi/vec4 0, 0, 3;
    %assign/vec4 v0x5b9e4ed420c0_0, 0;
    %jmp T_2.9;
T_2.2 ;
    %pushi/vec4 1, 0, 3;
    %assign/vec4 v0x5b9e4ed420c0_0, 0;
    %jmp T_2.9;
T_2.3 ;
    %load/vec4 v0x5b9e4ed425c0_0;
    %pad/u 32;
    %cmpi/e 0, 0, 32;
    %jmp/0xz  T_2.10, 4;
    %pushi/vec4 1, 0, 3;
    %assign/vec4 v0x5b9e4ed420c0_0, 0;
    %jmp T_2.11;
T_2.10 ;
    %pushi/vec4 2, 0, 3;
    %assign/vec4 v0x5b9e4ed420c0_0, 0;
T_2.11 ;
    %jmp T_2.9;
T_2.4 ;
    %pushi/vec4 3, 0, 3;
    %assign/vec4 v0x5b9e4ed420c0_0, 0;
    %jmp T_2.9;
T_2.5 ;
    %load/vec4 v0x5b9e4ed41ad0_0;
    %load/vec4 v0x5b9e4ed41bb0_0;
    %cmp/u;
    %jmp/0xz  T_2.12, 5;
    %pushi/vec4 3, 0, 3;
    %assign/vec4 v0x5b9e4ed420c0_0, 0;
    %jmp T_2.13;
T_2.12 ;
    %pushi/vec4 4, 0, 3;
    %assign/vec4 v0x5b9e4ed420c0_0, 0;
T_2.13 ;
    %jmp T_2.9;
T_2.6 ;
    %load/vec4 v0x5b9e4ed425c0_0;
    %pad/u 32;
    %cmpi/e 0, 0, 32;
    %jmp/0xz  T_2.14, 4;
    %pushi/vec4 1, 0, 3;
    %assign/vec4 v0x5b9e4ed420c0_0, 0;
    %jmp T_2.15;
T_2.14 ;
    %pushi/vec4 5, 0, 3;
    %assign/vec4 v0x5b9e4ed420c0_0, 0;
T_2.15 ;
    %jmp T_2.9;
T_2.7 ;
    %load/vec4 v0x5b9e4ed425c0_0;
    %pad/u 32;
    %cmpi/e 0, 0, 32;
    %jmp/0xz  T_2.16, 4;
    %pushi/vec4 1, 0, 3;
    %assign/vec4 v0x5b9e4ed420c0_0, 0;
    %jmp T_2.17;
T_2.16 ;
    %pushi/vec4 5, 0, 3;
    %assign/vec4 v0x5b9e4ed420c0_0, 0;
T_2.17 ;
    %jmp T_2.9;
T_2.9 ;
    %pop/vec4 1;
T_2.1 ;
    %jmp T_2;
    .thread T_2;
    .scope S_0x5b9e4ed20b80;
T_3 ;
    %delay 5000, 0;
    %load/vec4 v0x5b9e4ed42900_0;
    %inv;
    %store/vec4 v0x5b9e4ed42900_0, 0, 1;
    %jmp T_3;
    .thread T_3;
    .scope S_0x5b9e4ed20b80;
T_4 ;
    %pushi/vec4 0, 0, 1;
    %store/vec4 v0x5b9e4ed42900_0, 0, 1;
    %pushi/vec4 1, 0, 1;
    %store/vec4 v0x5b9e4ed42f10_0, 0, 1;
    %pushi/vec4 0, 0, 8;
    %store/vec4 v0x5b9e4ed42a60_0, 0, 8;
    %pushi/vec4 10, 0, 16;
    %store/vec4 v0x5b9e4ed429c0_0, 0, 16;
    %pushi/vec4 2779096485, 0, 32;
    %concati/vec4 2779096485, 0, 32;
    %concati/vec4 2779096485, 0, 32;
    %concati/vec4 2779096485, 0, 32;
    %store/vec4 v0x5b9e4ed42d70_0, 0, 128;
    %delay 10000, 0;
    %pushi/vec4 0, 0, 1;
    %store/vec4 v0x5b9e4ed42f10_0, 0, 1;
    %delay 10000, 0;
    %pushi/vec4 2, 0, 8;
    %store/vec4 v0x5b9e4ed42a60_0, 0, 8;
    %delay 10000, 0;
    %pushi/vec4 2, 0, 8;
    %store/vec4 v0x5b9e4ed42a60_0, 0, 8;
    %pushi/vec4 5, 0, 16;
    %store/vec4 v0x5b9e4ed429c0_0, 0, 16;
    %delay 10000, 0;
    %pushi/vec4 2, 0, 8;
    %store/vec4 v0x5b9e4ed42a60_0, 0, 8;
    %delay 10000, 0;
    %pushi/vec4 2, 0, 8;
    %store/vec4 v0x5b9e4ed42a60_0, 0, 8;
    %delay 10000, 0;
    %pushi/vec4 1, 0, 1;
    %store/vec4 v0x5b9e4ed42f10_0, 0, 1;
    %delay 10000, 0;
    %pushi/vec4 0, 0, 1;
    %store/vec4 v0x5b9e4ed42f10_0, 0, 1;
    %delay 10000, 0;
    %pushi/vec4 2, 0, 8;
    %store/vec4 v0x5b9e4ed42a60_0, 0, 8;
    %delay 20000, 0;
    %vpi_call 2 77 "$finish" {0 0 0};
    %end;
    .thread T_4;
    .scope S_0x5b9e4ed20b80;
T_5 ;
    %vpi_call 2 82 "$monitor", "At time %t, CODE = %d, RESET_XOR = %b, I1_XOR = %b, I2_XOR = %b, DONE = %b, PUF_OUT_REG = %h", $time, v0x5b9e4ed42a60_0, v0x5b9e4ed42fe0_0, v0x5b9e4ed42c00_0, v0x5b9e4ed42ca0_0, v0x5b9e4ed42b30_0, v0x5b9e4ed42e40_0 {0 0 0};
    %end;
    .thread T_5;
# The file index is used to find the file name in the following table.
:file_names 4;
    "N/A";
    "<interactive>";
    "tb_controller_xor.v";
    "././controller_xor.v";
