#! /usr/bin/vvp
:ivl_version "12.0 (stable)" "(v12_0-dirty)";
:ivl_delay_selection "TYPICAL";
:vpi_time_precision - 12;
:vpi_module "/usr/lib/ivl/system.vpi";
:vpi_module "/usr/lib/ivl/vhdl_sys.vpi";
:vpi_module "/usr/lib/ivl/vhdl_textio.vpi";
:vpi_module "/usr/lib/ivl/v2005_math.vpi";
:vpi_module "/usr/lib/ivl/va_math.vpi";
S_0x578f2368e520 .scope module, "XOR_PUF" "XOR_PUF" 2 2;
 .timescale -9 -12;
    .port_info 0 /INPUT 1 "I1";
    .port_info 1 /INPUT 1 "I2";
    .port_info 2 /INPUT 1 "RN";
    .port_info 3 /OUTPUT 1 "OUT";
    .port_info 4 /OUTPUT 1 "OUTn";
o0x7619c86c1018 .functor BUFZ 1, C4<z>; HiZ drive
v0x578f2368e750_0 .net "I1", 0 0, o0x7619c86c1018;  0 drivers
o0x7619c86c1048 .functor BUFZ 1, C4<z>; HiZ drive
v0x578f236d6a90_0 .net "I2", 0 0, o0x7619c86c1048;  0 drivers
v0x578f236d6b50_0 .var "OUT", 0 0;
v0x578f236d6bf0_0 .var "OUTn", 0 0;
o0x7619c86c10d8 .functor BUFZ 1, C4<z>; HiZ drive
v0x578f236d6cb0_0 .net "RN", 0 0, o0x7619c86c10d8;  0 drivers
E_0x578f2368ea10 .event anyedge, v0x578f236d6cb0_0, v0x578f2368e750_0, v0x578f236d6a90_0;
E_0x578f2368ef30 .event anyedge, v0x578f236d6b50_0;
    .scope S_0x578f2368e520;
T_0 ;
    %wait E_0x578f2368ef30;
    %load/vec4 v0x578f236d6b50_0;
    %inv;
    %assign/vec4 v0x578f236d6bf0_0, 0;
    %jmp T_0;
    .thread T_0, $push;
    .scope S_0x578f2368e520;
T_1 ;
    %wait E_0x578f2368ea10;
    %load/vec4 v0x578f236d6cb0_0;
    %pad/u 32;
    %cmpi/e 0, 0, 32;
    %jmp/0xz  T_1.0, 4;
    %pushi/vec4 0, 0, 1;
    %assign/vec4 v0x578f236d6b50_0, 0;
    %jmp T_1.1;
T_1.0 ;
    %load/vec4 v0x578f2368e750_0;
    %load/vec4 v0x578f236d6a90_0;
    %cmp/e;
    %flag_get/vec4 4;
    %jmp/0 T_1.4, 4;
    %load/vec4 v0x578f2368e750_0;
    %pad/u 32;
    %pushi/vec4 1, 0, 32;
    %cmp/e;
    %flag_get/vec4 4;
    %and;
T_1.4;
    %flag_set/vec4 8;
    %jmp/0xz  T_1.2, 8;
    %pushi/vec4 1, 0, 1;
    %assign/vec4 v0x578f236d6b50_0, 0;
T_1.2 ;
T_1.1 ;
    %jmp T_1;
    .thread T_1, $push;
# The file index is used to find the file name in the following table.
:file_names 3;
    "N/A";
    "<interactive>";
    "xor_puf.v";
