#! /usr/bin/vvp
:ivl_version "12.0 (stable)" "(v12_0-dirty)";
:ivl_delay_selection "TYPICAL";
:vpi_time_precision - 12;
:vpi_module "/usr/lib/ivl/system.vpi";
:vpi_module "/usr/lib/ivl/vhdl_sys.vpi";
:vpi_module "/usr/lib/ivl/vhdl_textio.vpi";
:vpi_module "/usr/lib/ivl/v2005_math.vpi";
:vpi_module "/usr/lib/ivl/va_math.vpi";
S_0x647a7377a550 .scope module, "DD_PUF" "DD_PUF" 2 3;
 .timescale -12 -12;
    .port_info 0 /INPUT 1 "START";
    .port_info 1 /OUTPUT 1 "OUT";
    .port_info 2 /OUTPUT 1 "OUTn";
v0x647a7377a770_0 .var "OUT", 0 0;
v0x647a737c1800_0 .var "OUTn", 0 0;
o0x77d93f88d078 .functor BUFZ 1, C4<z>; HiZ drive
v0x647a737c18c0_0 .net "START", 0 0, o0x77d93f88d078;  0 drivers
E_0x647a7377b4d0 .event anyedge, v0x647a737c18c0_0;
E_0x647a7377aad0 .event anyedge, v0x647a7377a770_0;
    .scope S_0x647a7377a550;
T_0 ;
    %wait E_0x647a7377aad0;
    %load/vec4 v0x647a7377a770_0;
    %inv;
    %assign/vec4 v0x647a737c1800_0, 0;
    %jmp T_0;
    .thread T_0, $push;
    .scope S_0x647a7377a550;
T_1 ;
    %wait E_0x647a7377b4d0;
    %load/vec4 v0x647a737c18c0_0;
    %flag_set/vec4 8;
    %jmp/0xz  T_1.0, 8;
    %pushi/vec4 1, 0, 1;
    %assign/vec4 v0x647a7377a770_0, 0;
    %jmp T_1.1;
T_1.0 ;
    %pushi/vec4 0, 0, 1;
    %assign/vec4 v0x647a7377a770_0, 0;
T_1.1 ;
    %jmp T_1;
    .thread T_1, $push;
# The file index is used to find the file name in the following table.
:file_names 3;
    "N/A";
    "<interactive>";
    "dd_puf.v";
