#! /usr/bin/vvp
:ivl_version "12.0 (stable)" "(v12_0-dirty)";
:ivl_delay_selection "TYPICAL";
:vpi_time_precision - 12;
:vpi_module "/usr/lib/ivl/system.vpi";
:vpi_module "/usr/lib/ivl/vhdl_sys.vpi";
:vpi_module "/usr/lib/ivl/vhdl_textio.vpi";
:vpi_module "/usr/lib/ivl/v2005_math.vpi";
:vpi_module "/usr/lib/ivl/va_math.vpi";
:vpi_module "/usr/lib/ivl/v2009.vpi";
S_0x60f4a39541b0 .scope package, "$unit" "$unit" 2 1;
 .timescale 0 0;
S_0x60f4a3954340 .scope module, "tb_controller_xor" "tb_controller_xor" 3 3;
 .timescale -9 -12;
P_0x60f4a39544d0 .param/l "CLK_PERIOD" 0 3 6, +C4<00000000000000000000000000001010>;
v0x60f4a3976270_0 .var "CLK", 0 0;
v0x60f4a3976330_0 .var "CNT_VAL", 15 0;
v0x60f4a39763d0_0 .var "CODE", 7 0;
v0x60f4a39764d0_0 .net "DONE", 0 0, v0x60f4a39757f0_0;  1 drivers
v0x60f4a39765a0_0 .net "I1_XOR", 0 0, v0x60f4a39758b0_0;  1 drivers
v0x60f4a3976640_0 .net "I2_XOR", 0 0, v0x60f4a3975970_0;  1 drivers
v0x60f4a3976710_0 .var "PUF_OUT", 127 0;
v0x60f4a39767e0_0 .net "PUF_OUT_REG", 127 0, v0x60f4a3975cd0_0;  1 drivers
v0x60f4a39768b0_0 .var "RESET", 0 0;
v0x60f4a3976980_0 .net "RESET_XOR", 0 0, v0x60f4a3975e70_0;  1 drivers
S_0x60f4a39097d0 .scope module, "uut" "controller_xor" 3 22, 4 4 0, S_0x60f4a3954340;
 .timescale -9 -12;
    .port_info 0 /INPUT 8 "CODE";
    .port_info 1 /INPUT 16 "CNT_VAL";
    .port_info 2 /INPUT 1 "RESET";
    .port_info 3 /INPUT 1 "CLK";
    .port_info 4 /INPUT 128 "PUF_OUT";
    .port_info 5 /OUTPUT 1 "RESET_XOR";
    .port_info 6 /OUTPUT 1 "I1_XOR";
    .port_info 7 /OUTPUT 1 "I2_XOR";
    .port_info 8 /OUTPUT 1 "DONE";
    .port_info 9 /OUTPUT 128 "PUF_OUT_REG";
P_0x60f4a39099b0 .param/l "IDLE_STATE" 1 4 19, C4<0001>;
P_0x60f4a39099f0 .param/l "RESET_STATE" 1 4 18, C4<0000>;
P_0x60f4a3909a30 .param/l "START_STATE1" 1 4 20, C4<0010>;
P_0x60f4a3909a70 .param/l "START_STATE2" 1 4 21, C4<0011>;
P_0x60f4a3909ab0 .param/l "START_STATE3" 1 4 22, C4<0100>;
P_0x60f4a3909af0 .param/l "WAIT_STATE" 1 4 23, C4<0101>;
v0x60f4a39323f0_0 .net "CLK", 0 0, v0x60f4a3976270_0;  1 drivers
v0x60f4a3975440_0 .var "CNT", 15 0;
v0x60f4a3975520_0 .var "CNT_REG", 15 0;
v0x60f4a39755e0_0 .net "CNT_VAL", 15 0, v0x60f4a3976330_0;  1 drivers
v0x60f4a39756c0_0 .net "CODE", 7 0, v0x60f4a39763d0_0;  1 drivers
v0x60f4a39757f0_0 .var "DONE", 0 0;
v0x60f4a39758b0_0 .var "I1_XOR", 0 0;
v0x60f4a3975970_0 .var "I2_XOR", 0 0;
v0x60f4a3975a30_0 .var "NES", 2 0;
v0x60f4a3975b10_0 .var "PRS", 2 0;
v0x60f4a3975bf0_0 .net "PUF_OUT", 127 0, v0x60f4a3976710_0;  1 drivers
v0x60f4a3975cd0_0 .var "PUF_OUT_REG", 127 0;
v0x60f4a3975db0_0 .net "RESET", 0 0, v0x60f4a39768b0_0;  1 drivers
v0x60f4a3975e70_0 .var "RESET_XOR", 0 0;
v0x60f4a3975f30_0 .net "TRIG_SIG", 0 0, L_0x60f4a3976a80;  1 drivers
L_0x723448493018 .functor BUFT 1, C4<00000010>, C4<0>, C4<0>, C4<0>;
v0x60f4a3975ff0_0 .net/2u *"_ivl_0", 7 0, L_0x723448493018;  1 drivers
E_0x60f4a39428e0 .event posedge, v0x60f4a39323f0_0;
E_0x60f4a39432a0/0 .event anyedge, v0x60f4a3975db0_0, v0x60f4a3975b10_0, v0x60f4a39755e0_0, v0x60f4a3975cd0_0;
E_0x60f4a39432a0/1 .event anyedge, v0x60f4a3975440_0, v0x60f4a3975520_0, v0x60f4a3975bf0_0;
E_0x60f4a39432a0 .event/or E_0x60f4a39432a0/0, E_0x60f4a39432a0/1;
L_0x60f4a3976a80 .cmp/eq 8, v0x60f4a39763d0_0, L_0x723448493018;
    .scope S_0x60f4a39097d0;
T_0 ;
    %wait E_0x60f4a39428e0;
    %load/vec4 v0x60f4a3975db0_0;
    %pad/u 32;
    %cmpi/e 0, 0, 32;
    %jmp/0xz  T_0.0, 4;
    %pushi/vec4 0, 0, 3;
    %assign/vec4 v0x60f4a3975b10_0, 0;
    %jmp T_0.1;
T_0.0 ;
    %load/vec4 v0x60f4a3975a30_0;
    %assign/vec4 v0x60f4a3975b10_0, 0;
T_0.1 ;
    %jmp T_0;
    .thread T_0;
    .scope S_0x60f4a39097d0;
T_1 ;
    %wait E_0x60f4a39432a0;
    %load/vec4 v0x60f4a3975db0_0;
    %pad/u 32;
    %cmpi/e 0, 0, 32;
    %jmp/0xz  T_1.0, 4;
    %pushi/vec4 0, 0, 16;
    %assign/vec4 v0x60f4a3975440_0, 0;
    %pushi/vec4 1, 0, 16;
    %assign/vec4 v0x60f4a3975520_0, 0;
    %pushi/vec4 0, 0, 1;
    %assign/vec4 v0x60f4a3975e70_0, 0;
    %pushi/vec4 0, 0, 1;
    %assign/vec4 v0x60f4a39758b0_0, 0;
    %pushi/vec4 0, 0, 1;
    %assign/vec4 v0x60f4a3975970_0, 0;
    %pushi/vec4 0, 0, 1;
    %assign/vec4 v0x60f4a39757f0_0, 0;
    %pushi/vec4 0, 0, 128;
    %assign/vec4 v0x60f4a3975cd0_0, 0;
    %jmp T_1.1;
T_1.0 ;
    %load/vec4 v0x60f4a3975b10_0;
    %dup/vec4;
    %pushi/vec4 0, 0, 3;
    %cmp/u;
    %jmp/1 T_1.2, 6;
    %dup/vec4;
    %pushi/vec4 1, 0, 3;
    %cmp/u;
    %jmp/1 T_1.3, 6;
    %dup/vec4;
    %pushi/vec4 2, 0, 3;
    %cmp/u;
    %jmp/1 T_1.4, 6;
    %dup/vec4;
    %pushi/vec4 3, 0, 3;
    %cmp/u;
    %jmp/1 T_1.5, 6;
    %dup/vec4;
    %pushi/vec4 4, 0, 3;
    %cmp/u;
    %jmp/1 T_1.6, 6;
    %dup/vec4;
    %pushi/vec4 5, 0, 3;
    %cmp/u;
    %jmp/1 T_1.7, 6;
    %pushi/vec4 0, 0, 16;
    %assign/vec4 v0x60f4a3975440_0, 0;
    %pushi/vec4 1, 0, 16;
    %assign/vec4 v0x60f4a3975520_0, 0;
    %pushi/vec4 0, 0, 1;
    %assign/vec4 v0x60f4a3975e70_0, 0;
    %pushi/vec4 0, 0, 1;
    %assign/vec4 v0x60f4a39758b0_0, 0;
    %pushi/vec4 0, 0, 1;
    %assign/vec4 v0x60f4a3975970_0, 0;
    %pushi/vec4 0, 0, 1;
    %assign/vec4 v0x60f4a39757f0_0, 0;
    %pushi/vec4 0, 0, 128;
    %assign/vec4 v0x60f4a3975cd0_0, 0;
    %jmp T_1.9;
T_1.2 ;
    %pushi/vec4 0, 0, 16;
    %assign/vec4 v0x60f4a3975440_0, 0;
    %pushi/vec4 1, 0, 16;
    %assign/vec4 v0x60f4a3975520_0, 0;
    %pushi/vec4 0, 0, 1;
    %assign/vec4 v0x60f4a3975e70_0, 0;
    %pushi/vec4 0, 0, 1;
    %assign/vec4 v0x60f4a39758b0_0, 0;
    %pushi/vec4 0, 0, 1;
    %assign/vec4 v0x60f4a3975970_0, 0;
    %pushi/vec4 0, 0, 1;
    %assign/vec4 v0x60f4a39757f0_0, 0;
    %pushi/vec4 0, 0, 128;
    %assign/vec4 v0x60f4a3975cd0_0, 0;
    %jmp T_1.9;
T_1.3 ;
    %pushi/vec4 0, 0, 16;
    %assign/vec4 v0x60f4a3975440_0, 0;
    %load/vec4 v0x60f4a39755e0_0;
    %assign/vec4 v0x60f4a3975520_0, 0;
    %pushi/vec4 0, 0, 1;
    %assign/vec4 v0x60f4a3975e70_0, 0;
    %pushi/vec4 0, 0, 1;
    %assign/vec4 v0x60f4a39758b0_0, 0;
    %pushi/vec4 0, 0, 1;
    %assign/vec4 v0x60f4a3975970_0, 0;
    %pushi/vec4 0, 0, 1;
    %assign/vec4 v0x60f4a39757f0_0, 0;
    %load/vec4 v0x60f4a3975cd0_0;
    %assign/vec4 v0x60f4a3975cd0_0, 0;
    %jmp T_1.9;
T_1.4 ;
    %pushi/vec4 0, 0, 16;
    %assign/vec4 v0x60f4a3975440_0, 0;
    %load/vec4 v0x60f4a39755e0_0;
    %assign/vec4 v0x60f4a3975520_0, 0;
    %pushi/vec4 1, 0, 1;
    %assign/vec4 v0x60f4a3975e70_0, 0;
    %pushi/vec4 0, 0, 1;
    %assign/vec4 v0x60f4a39758b0_0, 0;
    %pushi/vec4 0, 0, 1;
    %assign/vec4 v0x60f4a3975970_0, 0;
    %pushi/vec4 0, 0, 1;
    %assign/vec4 v0x60f4a39757f0_0, 0;
    %load/vec4 v0x60f4a3975cd0_0;
    %assign/vec4 v0x60f4a3975cd0_0, 0;
    %jmp T_1.9;
T_1.5 ;
    %load/vec4 v0x60f4a3975440_0;
    %addi 1, 0, 16;
    %assign/vec4 v0x60f4a3975440_0, 0;
    %load/vec4 v0x60f4a3975520_0;
    %assign/vec4 v0x60f4a3975520_0, 0;
    %pushi/vec4 1, 0, 1;
    %assign/vec4 v0x60f4a3975e70_0, 0;
    %pushi/vec4 1, 0, 1;
    %assign/vec4 v0x60f4a39758b0_0, 0;
    %pushi/vec4 1, 0, 1;
    %assign/vec4 v0x60f4a3975970_0, 0;
    %pushi/vec4 0, 0, 1;
    %assign/vec4 v0x60f4a39757f0_0, 0;
    %load/vec4 v0x60f4a3975cd0_0;
    %assign/vec4 v0x60f4a3975cd0_0, 0;
    %jmp T_1.9;
T_1.6 ;
    %pushi/vec4 0, 0, 16;
    %assign/vec4 v0x60f4a3975440_0, 0;
    %load/vec4 v0x60f4a3975520_0;
    %assign/vec4 v0x60f4a3975520_0, 0;
    %pushi/vec4 1, 0, 1;
    %assign/vec4 v0x60f4a3975e70_0, 0;
    %pushi/vec4 1, 0, 1;
    %assign/vec4 v0x60f4a39758b0_0, 0;
    %pushi/vec4 1, 0, 1;
    %assign/vec4 v0x60f4a3975970_0, 0;
    %pushi/vec4 1, 0, 1;
    %assign/vec4 v0x60f4a39757f0_0, 0;
    %load/vec4 v0x60f4a3975bf0_0;
    %assign/vec4 v0x60f4a3975cd0_0, 0;
    %jmp T_1.9;
T_1.7 ;
    %pushi/vec4 0, 0, 16;
    %assign/vec4 v0x60f4a3975440_0, 0;
    %load/vec4 v0x60f4a3975520_0;
    %assign/vec4 v0x60f4a3975520_0, 0;
    %pushi/vec4 1, 0, 1;
    %assign/vec4 v0x60f4a3975e70_0, 0;
    %pushi/vec4 1, 0, 1;
    %assign/vec4 v0x60f4a39758b0_0, 0;
    %pushi/vec4 1, 0, 1;
    %assign/vec4 v0x60f4a3975970_0, 0;
    %pushi/vec4 0, 0, 1;
    %assign/vec4 v0x60f4a39757f0_0, 0;
    %load/vec4 v0x60f4a3975bf0_0;
    %assign/vec4 v0x60f4a3975cd0_0, 0;
    %jmp T_1.9;
T_1.9 ;
    %pop/vec4 1;
T_1.1 ;
    %jmp T_1;
    .thread T_1, $push;
    .scope S_0x60f4a39097d0;
T_2 ;
    %wait E_0x60f4a39428e0;
    %load/vec4 v0x60f4a3975db0_0;
    %pad/u 32;
    %cmpi/e 0, 0, 32;
    %jmp/0xz  T_2.0, 4;
    %pushi/vec4 0, 0, 3;
    %assign/vec4 v0x60f4a3975a30_0, 0;
    %jmp T_2.1;
T_2.0 ;
    %load/vec4 v0x60f4a3975b10_0;
    %dup/vec4;
    %pushi/vec4 0, 0, 3;
    %cmp/u;
    %jmp/1 T_2.2, 6;
    %dup/vec4;
    %pushi/vec4 1, 0, 3;
    %cmp/u;
    %jmp/1 T_2.3, 6;
    %dup/vec4;
    %pushi/vec4 2, 0, 3;
    %cmp/u;
    %jmp/1 T_2.4, 6;
    %dup/vec4;
    %pushi/vec4 3, 0, 3;
    %cmp/u;
    %jmp/1 T_2.5, 6;
    %dup/vec4;
    %pushi/vec4 4, 0, 3;
    %cmp/u;
    %jmp/1 T_2.6, 6;
    %dup/vec4;
    %pushi/vec4 5, 0, 3;
    %cmp/u;
    %jmp/1 T_2.7, 6;
    %pushi/vec4 0, 0, 3;
    %assign/vec4 v0x60f4a3975a30_0, 0;
    %jmp T_2.9;
T_2.2 ;
    %pushi/vec4 1, 0, 3;
    %assign/vec4 v0x60f4a3975a30_0, 0;
    %jmp T_2.9;
T_2.3 ;
    %load/vec4 v0x60f4a3975f30_0;
    %pad/u 32;
    %cmpi/e 0, 0, 32;
    %jmp/0xz  T_2.10, 4;
    %pushi/vec4 1, 0, 3;
    %assign/vec4 v0x60f4a3975a30_0, 0;
    %jmp T_2.11;
T_2.10 ;
    %pushi/vec4 2, 0, 3;
    %assign/vec4 v0x60f4a3975a30_0, 0;
T_2.11 ;
    %jmp T_2.9;
T_2.4 ;
    %pushi/vec4 3, 0, 3;
    %assign/vec4 v0x60f4a3975a30_0, 0;
    %jmp T_2.9;
T_2.5 ;
    %load/vec4 v0x60f4a3975440_0;
    %load/vec4 v0x60f4a3975520_0;
    %cmp/u;
    %jmp/0xz  T_2.12, 5;
    %pushi/vec4 3, 0, 3;
    %assign/vec4 v0x60f4a3975a30_0, 0;
    %jmp T_2.13;
T_2.12 ;
    %pushi/vec4 4, 0, 3;
    %assign/vec4 v0x60f4a3975a30_0, 0;
T_2.13 ;
    %jmp T_2.9;
T_2.6 ;
    %load/vec4 v0x60f4a3975f30_0;
    %pad/u 32;
    %cmpi/e 0, 0, 32;
    %jmp/0xz  T_2.14, 4;
    %pushi/vec4 1, 0, 3;
    %assign/vec4 v0x60f4a3975a30_0, 0;
    %jmp T_2.15;
T_2.14 ;
    %pushi/vec4 5, 0, 3;
    %assign/vec4 v0x60f4a3975a30_0, 0;
T_2.15 ;
    %jmp T_2.9;
T_2.7 ;
    %load/vec4 v0x60f4a3975f30_0;
    %pad/u 32;
    %cmpi/e 0, 0, 32;
    %jmp/0xz  T_2.16, 4;
    %pushi/vec4 1, 0, 3;
    %assign/vec4 v0x60f4a3975a30_0, 0;
    %jmp T_2.17;
T_2.16 ;
    %pushi/vec4 5, 0, 3;
    %assign/vec4 v0x60f4a3975a30_0, 0;
T_2.17 ;
    %jmp T_2.9;
T_2.9 ;
    %pop/vec4 1;
T_2.1 ;
    %jmp T_2;
    .thread T_2;
    .scope S_0x60f4a3954340;
T_3 ;
    %delay 5000, 0;
    %load/vec4 v0x60f4a3976270_0;
    %inv;
    %store/vec4 v0x60f4a3976270_0, 0, 1;
    %jmp T_3;
    .thread T_3;
    .scope S_0x60f4a3954340;
T_4 ;
    %vpi_call/w 3 42 "$dumpfile", "tb_controller_xor.vcd" {0 0 0};
    %vpi_call/w 3 43 "$dumpvars", 32'sb00000000000000000000000000000000, S_0x60f4a3954340 {0 0 0};
    %pushi/vec4 0, 0, 1;
    %store/vec4 v0x60f4a3976270_0, 0, 1;
    %pushi/vec4 0, 0, 1;
    %store/vec4 v0x60f4a39768b0_0, 0, 1;
    %pushi/vec4 0, 0, 8;
    %store/vec4 v0x60f4a39763d0_0, 0, 8;
    %pushi/vec4 10, 0, 16;
    %store/vec4 v0x60f4a3976330_0, 0, 16;
    %pushi/vec4 2779096485, 0, 32;
    %concati/vec4 2779096485, 0, 32;
    %concati/vec4 2779096485, 0, 32;
    %concati/vec4 2779096485, 0, 32;
    %store/vec4 v0x60f4a3976710_0, 0, 128;
    %delay 10000, 0;
    %pushi/vec4 0, 0, 1;
    %store/vec4 v0x60f4a39768b0_0, 0, 1;
    %pushi/vec4 0, 0, 8;
    %store/vec4 v0x60f4a39763d0_0, 0, 8;
    %delay 10000, 0;
    %pushi/vec4 2, 0, 8;
    %store/vec4 v0x60f4a39763d0_0, 0, 8;
    %delay 220000, 0;
    %vpi_call/w 3 59 "$finish" {0 0 0};
    %end;
    .thread T_4;
    .scope S_0x60f4a3954340;
T_5 ;
    %vpi_call/w 3 64 "$monitor", "At time %t, CODE = %d, RESET_XOR = %b, I1_XOR = %b, I2_XOR = %b, DONE = %b, PUF_OUT_REG = %h", $time, v0x60f4a39763d0_0, v0x60f4a3976980_0, v0x60f4a39765a0_0, v0x60f4a3976640_0, v0x60f4a39764d0_0, v0x60f4a39767e0_0 {0 0 0};
    %end;
    .thread T_5;
# The file index is used to find the file name in the following table.
:file_names 5;
    "N/A";
    "<interactive>";
    "-";
    "tb_controller_xor.v";
    "././controller_xor.v";
